<?xml version="1.0" encoding="UTF-8"?>
<testsuite xmlns:xsi="http://www.w3.org/2001/XMLSchema-instance" xsi:noNamespaceSchemaLocation="https://maven.apache.org/surefire/maven-surefire-plugin/xsd/surefire-test-report.xsd" name="com.telecom.RepositoryIntegrationTest" time="18.65" tests="8" errors="8" skipped="0" failures="0">
  <properties>
[...]
</properties>
  <testcase name="to_check_if_phonenumber_landline_phone_returned" classname="com.telecom.RepositoryIntegrationTest" time="0.565">
    <error message="could not execute statement; SQL [n/a]; constraint [&quot;PRIMARY KEY ON PUBLIC.CUSTOMER(CUSTOMERID)&quot;; SQL statement:&#10;insert into customer (lastname, addressid, customersince, dateofbirth, firstname, gender, customerid) values (?, ?, ?, ?, ?, ?, ?) [23505-196]]; nested exception is org.hibernate.exception.ConstraintViolationException: could not execute statement" type="org.springframework.dao.DataIntegrityViolationException">org.springframework.dao.DataIntegrityViolationException: 
could not execute statement; SQL [n/a]; constraint ["PRIMARY KEY ON PUBLIC.CUSTOMER(CUSTOMERID)"; SQL statement:
insert into customer (lastname, addressid, customersince, dateofbirth, firstname, gender, customerid) values (?, ?, ?, ?, ?, ?, ?) [23505-196]]; nested exception is org.hibernate.exception.ConstraintViolationException: could not execute statement
	at com.telecom.RepositoryIntegrationTest.to_check_if_phonenumber_landline_phone_returned(RepositoryIntegrationTest.java:76)
Caused by: org.hibernate.exception.ConstraintViolationException: could not execute statement
	at com.telecom.RepositoryIntegrationTest.to_check_if_phonenumber_landline_phone_returned(RepositoryIntegrationTest.java:76)
Caused by: org.h2.jdbc.JdbcSQLException: 
Unique index or primary key violation: "PRIMARY KEY ON PUBLIC.CUSTOMER(CUSTOMERID)"; SQL statement:
insert into customer (lastname, addressid, customersince, dateofbirth, firstname, gender, customerid) values (?, ?, ?, ?, ?, ?, ?) [23505-196]
	at com.telecom.RepositoryIntegrationTest.to_check_if_phonenumber_landline_phone_returned(RepositoryIntegrationTest.java:76)
</error>
    <system-out><![CDATA[17:53:48.588 [main] DEBUG org.springframework.test.context.junit4.SpringJUnit4ClassRunner - SpringJUnit4ClassRunner constructor called with [class com.telecom.RepositoryIntegrationTest]
17:53:48.620 [main] DEBUG org.springframework.test.context.BootstrapUtils - Instantiating CacheAwareContextLoaderDelegate from class [org.springframework.test.context.cache.DefaultCacheAwareContextLoaderDelegate]
17:53:48.655 [main] DEBUG org.springframework.test.context.BootstrapUtils - Instantiating BootstrapContext using constructor [public org.springframework.test.context.support.DefaultBootstrapContext(java.lang.Class,org.springframework.test.context.CacheAwareContextLoaderDelegate)]
17:53:48.751 [main] DEBUG org.springframework.test.context.BootstrapUtils - Instantiating TestContextBootstrapper for test class [com.telecom.RepositoryIntegrationTest] from class [org.springframework.boot.test.context.SpringBootTestContextBootstrapper]
17:53:48.820 [main] INFO org.springframework.boot.test.context.SpringBootTestContextBootstrapper - Neither @ContextConfiguration nor @ContextHierarchy found for test class [com.telecom.RepositoryIntegrationTest], using SpringBootContextLoader
17:53:48.837 [main] DEBUG org.springframework.test.context.support.AbstractContextLoader - Did not detect default resource location for test class [com.telecom.RepositoryIntegrationTest]: class path resource [com/telecom/RepositoryIntegrationTest-context.xml] does not exist
17:53:48.853 [main] DEBUG org.springframework.test.context.support.AbstractContextLoader - Did not detect default resource location for test class [com.telecom.RepositoryIntegrationTest]: class path resource [com/telecom/RepositoryIntegrationTestContext.groovy] does not exist
17:53:48.855 [main] INFO org.springframework.test.context.support.AbstractContextLoader - Could not detect default resource locations for test class [com.telecom.RepositoryIntegrationTest]: no resource found for suffixes {-context.xml, Context.groovy}.
17:53:48.863 [main] INFO org.springframework.test.context.support.AnnotationConfigContextLoaderUtils - Could not detect default configuration classes for test class [com.telecom.RepositoryIntegrationTest]: RepositoryIntegrationTest does not declare any static, non-private, non-final, nested classes annotated with @Configuration.
17:53:49.087 [main] DEBUG org.springframework.test.context.support.ActiveProfilesUtils - Could not find an 'annotation declaring class' for annotation type [org.springframework.test.context.ActiveProfiles] and class [com.telecom.RepositoryIntegrationTest]
17:53:49.137 [main] DEBUG org.springframework.core.env.StandardEnvironment - Adding PropertySource 'systemProperties' with lowest search precedence
17:53:49.138 [main] DEBUG org.springframework.core.env.StandardEnvironment - Adding PropertySource 'systemEnvironment' with lowest search precedence
17:53:49.138 [main] DEBUG org.springframework.core.env.StandardEnvironment - Initialized StandardEnvironment with PropertySources [MapPropertySource@80052821 {name='systemProperties', properties={java.runtime.name=Java(TM) SE Runtime Environment, sun.boot.library.path=E:\Environment\jdk1.8.0_111\jre\bin, java.vm.version=25.111-b14, java.vm.vendor=Oracle Corporation, java.vendor.url=http://java.oracle.com/, path.separator=;, java.vm.name=Java HotSpot(TM) 64-Bit Server VM, file.encoding.pkg=sun.io, user.country=SG, user.script=, sun.java.launcher=SUN_STANDARD, sun.os.patch.level=, java.vm.specification.name=Java Virtual Machine Specification, user.dir=E:\Environment\EclipseWorkspace\telecomservice, java.runtime.version=1.8.0_111-b14, basedir=E:\Environment\EclipseWorkspace\telecomservice, java.awt.graphicsenv=sun.awt.Win32GraphicsEnvironment, java.endorsed.dirs=E:\Environment\jdk1.8.0_111\jre\lib\endorsed, os.arch=amd64, surefire.real.class.path=C:\Users\Abhishek\AppData\Local\Temp\surefire1891529934084528171\surefirebooter2670755690367871111.jar;E:\\Environment\\repo\\org\\jacoco\\org.jacoco.agent\\0.8.2\\org.jacoco.agent-0.8.2-runtime.jar, java.io.tmpdir=C:\Users\Abhishek\AppData\Local\Temp\, line.separator=
, java.vm.specification.vendor=Oracle Corporation, user.variant=, os.name=Windows 10, sun.jnu.encoding=Cp1252, java.library.path=E:\Environment\jdk1.8.0_111\jre\bin;C:\WINDOWS\Sun\Java\bin;C:\WINDOWS\system32;C:\WINDOWS;C:\Program Files (x86)\Intel\iCLS Client\;C:\ProgramData\Oracle\Java\javapath;C:\Program Files\Intel\iCLS Client\;C:\WINDOWS\system32;C:\WINDOWS;C:\WINDOWS\System32\Wbem;C:\WINDOWS\System32\WindowsPowerShell\v1.0\;C:\Program Files (x86)\Intel\Intel(R) Management Engine Components\DAL;C:\Program Files\Intel\Intel(R) Management Engine Components\DAL;C:\Program Files (x86)\Intel\Intel(R) Management Engine Components\IPT;C:\Program Files\Intel\Intel(R) Management Engine Components\IPT;C:\Program Files\Git\cmd;C:\Program Files\Intel\IntelSGXPSW\bin\x64\Release\;C:\Program Files\Intel\IntelSGXPSW\bin\win32\Release\;C:\Program Files\TortoiseSVN\bin;C:\Program Files\Microsoft SQL Server\Client SDK\ODBC\130\Tools\Binn\;C:\Program Files (x86)\Microsoft SQL Server\130\Tools\Binn\;C:\Program Files\Microsoft SQL Server\130\Tools\Binn\;C:\Program Files\Microsoft SQL Server\130\DTS\Binn\;C:\WINDOWS\System32\OpenSSH\;C:\Program Files\Intel\WiFi\bin\;C:\Program Files\Common Files\Intel\WirelessCommon\;C:\Program Files\nodejs\;C:\Program Files\Amazon\AWSCLI\bin\;C:\Program Files\PuTTY\;C:\Users\Abhishek\AppData\Local\Microsoft\WindowsApps;E:\Environment\jdk1.8.0_111\bin;C:\Users\Abhishek\AppData\Roaming\npm;E:\Environment\apache-tomcat-8.0.39\bin;E:\Environment\apache-maven-3.3.9\apache-maven-3.3.9\bin;;., surefire.test.class.path=E:\Environment\EclipseWorkspace\telecomservice\target\test-classes;E:\Environment\EclipseWorkspace\telecomservice\target\classes;E:\Environment\repo\org\springframework\boot\spring-boot-starter-actuator\2.0.0.RELEASE\spring-boot-starter-actuator-2.0.0.RELEASE.jar;E:\Environment\repo\org\springframework\boot\spring-boot-starter\2.0.0.RELEASE\spring-boot-starter-2.0.0.RELEASE.jar;E:\Environment\repo\org\springframework\boot\spring-boot-starter-logging\2.0.0.RELEASE\spring-boot-starter-logging-2.0.0.RELEASE.jar;E:\Environment\repo\ch\qos\logback\logback-classic\1.2.3\logback-classic-1.2.3.jar;E:\Environment\repo\ch\qos\logback\logback-core\1.2.3\logback-core-1.2.3.jar;E:\Environment\repo\org\apache\logging\log4j\log4j-to-slf4j\2.10.0\log4j-to-slf4j-2.10.0.jar;E:\Environment\repo\org\apache\logging\log4j\log4j-api\2.10.0\log4j-api-2.10.0.jar;E:\Environment\repo\org\slf4j\jul-to-slf4j\1.7.25\jul-to-slf4j-1.7.25.jar;E:\Environment\repo\javax\annotation\javax.annotation-api\1.3.2\javax.annotation-api-1.3.2.jar;E:\Environment\repo\org\yaml\snakeyaml\1.19\snakeyaml-1.19.jar;E:\Environment\repo\org\springframework\boot\spring-boot-actuator-autoconfigure\2.0.0.RELEASE\spring-boot-actuator-autoconfigure-2.0.0.RELEASE.jar;E:\Environment\repo\org\springframework\boot\spring-boot-actuator\2.0.0.RELEASE\spring-boot-actuator-2.0.0.RELEASE.jar;E:\Environment\repo\org\springframework\spring-context\5.0.4.RELEASE\spring-context-5.0.4.RELEASE.jar;E:\Environment\repo\com\fasterxml\jackson\datatype\jackson-datatype-jsr310\2.9.4\jackson-datatype-jsr310-2.9.4.jar;E:\Environment\repo\io\micrometer\micrometer-core\1.0.1\micrometer-core-1.0.1.jar;E:\Environment\repo\org\hdrhistogram\HdrHistogram\2.1.10\HdrHistogram-2.1.10.jar;E:\Environment\repo\org\latencyutils\LatencyUtils\2.0.3\LatencyUtils-2.0.3.jar;E:\Environment\repo\org\springframework\boot\spring-boot-starter-web\2.0.0.RELEASE\spring-boot-starter-web-2.0.0.RELEASE.jar;E:\Environment\repo\org\springframework\boot\spring-boot-starter-json\2.0.0.RELEASE\spring-boot-starter-json-2.0.0.RELEASE.jar;E:\Environment\repo\com\fasterxml\jackson\datatype\jackson-datatype-jdk8\2.9.4\jackson-datatype-jdk8-2.9.4.jar;E:\Environment\repo\com\fasterxml\jackson\module\jackson-module-parameter-names\2.9.4\jackson-module-parameter-names-2.9.4.jar;E:\Environment\repo\org\springframework\boot\spring-boot-starter-tomcat\2.0.0.RELEASE\spring-boot-starter-tomcat-2.0.0.RELEASE.jar;E:\Environment\repo\org\apache\tomcat\embed\tomcat-embed-websocket\8.5.28\tomcat-embed-websocket-8.5.28.jar;E:\Environment\repo\org\hibernate\validator\hibernate-validator\6.0.7.Final\hibernate-validator-6.0.7.Final.jar;E:\Environment\repo\javax\validation\validation-api\2.0.1.Final\validation-api-2.0.1.Final.jar;E:\Environment\repo\org\jboss\logging\jboss-logging\3.3.2.Final\jboss-logging-3.3.2.Final.jar;E:\Environment\repo\org\springframework\spring-web\5.0.4.RELEASE\spring-web-5.0.4.RELEASE.jar;E:\Environment\repo\org\springframework\spring-beans\5.0.4.RELEASE\spring-beans-5.0.4.RELEASE.jar;E:\Environment\repo\org\springframework\spring-webmvc\5.0.4.RELEASE\spring-webmvc-5.0.4.RELEASE.jar;E:\Environment\repo\org\springframework\spring-aop\5.0.4.RELEASE\spring-aop-5.0.4.RELEASE.jar;E:\Environment\repo\org\springframework\spring-expression\5.0.4.RELEASE\spring-expression-5.0.4.RELEASE.jar;E:\Environment\repo\org\apache\tomcat\embed\tomcat-embed-jasper\8.5.28\tomcat-embed-jasper-8.5.28.jar;E:\Environment\repo\org\apache\tomcat\embed\tomcat-embed-core\8.5.28\tomcat-embed-core-8.5.28.jar;E:\Environment\repo\org\apache\tomcat\tomcat-annotations-api\8.5.28\tomcat-annotations-api-8.5.28.jar;E:\Environment\repo\org\apache\tomcat\embed\tomcat-embed-el\8.5.28\tomcat-embed-el-8.5.28.jar;E:\Environment\repo\org\eclipse\jdt\ecj\3.12.3\ecj-3.12.3.jar;E:\Environment\repo\org\springframework\boot\spring-boot-starter-data-jpa\2.0.0.RELEASE\spring-boot-starter-data-jpa-2.0.0.RELEASE.jar;E:\Environment\repo\org\springframework\boot\spring-boot-starter-aop\2.0.0.RELEASE\spring-boot-starter-aop-2.0.0.RELEASE.jar;E:\Environment\repo\org\aspectj\aspectjweaver\1.8.13\aspectjweaver-1.8.13.jar;E:\Environment\repo\org\springframework\boot\spring-boot-starter-jdbc\2.0.0.RELEASE\spring-boot-starter-jdbc-2.0.0.RELEASE.jar;E:\Environment\repo\com\zaxxer\HikariCP\2.7.8\HikariCP-2.7.8.jar;E:\Environment\repo\org\springframework\spring-jdbc\5.0.4.RELEASE\spring-jdbc-5.0.4.RELEASE.jar;E:\Environment\repo\org\hibernate\hibernate-core\5.2.14.Final\hibernate-core-5.2.14.Final.jar;E:\Environment\repo\org\hibernate\javax\persistence\hibernate-jpa-2.1-api\1.0.0.Final\hibernate-jpa-2.1-api-1.0.0.Final.jar;E:\Environment\repo\org\javassist\javassist\3.22.0-GA\javassist-3.22.0-GA.jar;E:\Environment\repo\antlr\antlr\2.7.7\antlr-2.7.7.jar;E:\Environment\repo\org\jboss\jandex\2.0.3.Final\jandex-2.0.3.Final.jar;E:\Environment\repo\dom4j\dom4j\1.6.1\dom4j-1.6.1.jar;E:\Environment\repo\org\hibernate\common\hibernate-commons-annotations\5.0.1.Final\hibernate-commons-annotations-5.0.1.Final.jar;E:\Environment\repo\javax\transaction\javax.transaction-api\1.2\javax.transaction-api-1.2.jar;E:\Environment\repo\org\springframework\data\spring-data-jpa\2.0.5.RELEASE\spring-data-jpa-2.0.5.RELEASE.jar;E:\Environment\repo\org\springframework\data\spring-data-commons\2.0.5.RELEASE\spring-data-commons-2.0.5.RELEASE.jar;E:\Environment\repo\org\springframework\spring-orm\5.0.4.RELEASE\spring-orm-5.0.4.RELEASE.jar;E:\Environment\repo\org\springframework\spring-tx\5.0.4.RELEASE\spring-tx-5.0.4.RELEASE.jar;E:\Environment\repo\org\springframework\spring-aspects\5.0.4.RELEASE\spring-aspects-5.0.4.RELEASE.jar;E:\Environment\repo\org\springframework\boot\spring-boot-starter-data-rest\2.0.0.RELEASE\spring-boot-starter-data-rest-2.0.0.RELEASE.jar;E:\Environment\repo\org\springframework\data\spring-data-rest-webmvc\3.0.5.RELEASE\spring-data-rest-webmvc-3.0.5.RELEASE.jar;E:\Environment\repo\org\springframework\data\spring-data-rest-core\3.0.5.RELEASE\spring-data-rest-core-3.0.5.RELEASE.jar;E:\Environment\repo\org\springframework\hateoas\spring-hateoas\0.24.0.RELEASE\spring-hateoas-0.24.0.RELEASE.jar;E:\Environment\repo\org\atteo\evo-inflector\1.2.2\evo-inflector-1.2.2.jar;E:\Environment\repo\com\h2database\h2\1.4.196\h2-1.4.196.jar;E:\Environment\repo\com\fasterxml\jackson\dataformat\jackson-dataformat-xml\2.9.4\jackson-dataformat-xml-2.9.4.jar;E:\Environment\repo\com\fasterxml\jackson\core\jackson-core\2.9.4\jackson-core-2.9.4.jar;E:\Environment\repo\com\fasterxml\jackson\core\jackson-annotations\2.9.0\jackson-annotations-2.9.0.jar;E:\Environment\repo\com\fasterxml\jackson\core\jackson-databind\2.9.4\jackson-databind-2.9.4.jar;E:\Environment\repo\com\fasterxml\jackson\module\jackson-module-jaxb-annotations\2.9.4\jackson-module-jaxb-annotations-2.9.4.jar;E:\Environment\repo\org\codehaus\woodstox\stax2-api\3.1.4\stax2-api-3.1.4.jar;E:\Environment\repo\com\fasterxml\woodstox\woodstox-core\5.0.3\woodstox-core-5.0.3.jar;E:\Environment\repo\org\springframework\data\spring-data-rest-hal-browser\3.0.5.RELEASE\spring-data-rest-hal-browser-3.0.5.RELEASE.jar;E:\Environment\repo\org\slf4j\slf4j-api\1.7.25\slf4j-api-1.7.25.jar;E:\Environment\repo\org\springframework\boot\spring-boot-devtools\2.0.0.RELEASE\spring-boot-devtools-2.0.0.RELEASE.jar;E:\Environment\repo\org\springframework\boot\spring-boot\2.0.0.RELEASE\spring-boot-2.0.0.RELEASE.jar;E:\Environment\repo\org\springframework\boot\spring-boot-autoconfigure\2.0.0.RELEASE\spring-boot-autoconfigure-2.0.0.RELEASE.jar;E:\Environment\repo\org\springframework\boot\spring-boot-starter-test\2.0.0.RELEASE\spring-boot-starter-test-2.0.0.RELEASE.jar;E:\Environment\repo\org\springframework\boot\spring-boot-test\2.0.0.RELEASE\spring-boot-test-2.0.0.RELEASE.jar;E:\Environment\repo\org\springframework\boot\spring-boot-test-autoconfigure\2.0.0.RELEASE\spring-boot-test-autoconfigure-2.0.0.RELEASE.jar;E:\Environment\repo\com\jayway\jsonpath\json-path\2.4.0\json-path-2.4.0.jar;E:\Environment\repo\net\minidev\json-smart\2.3\json-smart-2.3.jar;E:\Environment\repo\net\minidev\accessors-smart\1.2\accessors-smart-1.2.jar;E:\Environment\repo\org\ow2\asm\asm\5.0.4\asm-5.0.4.jar;E:\Environment\repo\junit\junit\4.12\junit-4.12.jar;E:\Environment\repo\org\assertj\assertj-core\3.9.1\assertj-core-3.9.1.jar;E:\Environment\repo\org\mockito\mockito-core\2.15.0\mockito-core-2.15.0.jar;E:\Environment\repo\net\bytebuddy\byte-buddy\1.7.10\byte-buddy-1.7.10.jar;E:\Environment\repo\net\bytebuddy\byte-buddy-agent\1.7.10\byte-buddy-agent-1.7.10.jar;E:\Environment\repo\org\objenesis\objenesis\2.6\objenesis-2.6.jar;E:\Environment\repo\org\hamcrest\hamcrest-core\1.3\hamcrest-core-1.3.jar;E:\Environment\repo\org\hamcrest\hamcrest-library\1.3\hamcrest-library-1.3.jar;E:\Environment\repo\org\skyscreamer\jsonassert\1.5.0\jsonassert-1.5.0.jar;E:\Environment\repo\com\vaadin\external\google\android-json\0.0.20131108.vaadin1\android-json-0.0.20131108.vaadin1.jar;E:\Environment\repo\org\springframework\spring-core\5.0.4.RELEASE\spring-core-5.0.4.RELEASE.jar;E:\Environment\repo\org\springframework\spring-jcl\5.0.4.RELEASE\spring-jcl-5.0.4.RELEASE.jar;E:\Environment\repo\org\springframework\spring-test\5.0.4.RELEASE\spring-test-5.0.4.RELEASE.jar;E:\Environment\repo\org\xmlunit\xmlunit-core\2.5.1\xmlunit-core-2.5.1.jar;E:\Environment\repo\org\projectlombok\lombok\1.16.16\lombok-1.16.16.jar;E:\Environment\repo\io\springfox\springfox-swagger2\2.4.0\springfox-swagger2-2.4.0.jar;E:\Environment\repo\io\swagger\swagger-annotations\1.5.6\swagger-annotations-1.5.6.jar;E:\Environment\repo\io\swagger\swagger-models\1.5.6\swagger-models-1.5.6.jar;E:\Environment\repo\io\springfox\springfox-spi\2.4.0\springfox-spi-2.4.0.jar;E:\Environment\repo\io\springfox\springfox-core\2.4.0\springfox-core-2.4.0.jar;E:\Environment\repo\io\springfox\springfox-schema\2.4.0\springfox-schema-2.4.0.jar;E:\Environment\repo\io\springfox\springfox-swagger-common\2.4.0\springfox-swagger-common-2.4.0.jar;E:\Environment\repo\io\springfox\springfox-spring-web\2.4.0\springfox-spring-web-2.4.0.jar;E:\Environment\repo\com\google\guava\guava\18.0\guava-18.0.jar;E:\Environment\repo\com\fasterxml\classmate\1.3.4\classmate-1.3.4.jar;E:\Environment\repo\org\springframework\plugin\spring-plugin-core\1.2.0.RELEASE\spring-plugin-core-1.2.0.RELEASE.jar;E:\Environment\repo\org\springframework\plugin\spring-plugin-metadata\1.2.0.RELEASE\spring-plugin-metadata-1.2.0.RELEASE.jar;E:\Environment\repo\io\springfox\springfox-swagger-ui\2.4.0\springfox-swagger-ui-2.4.0.jar;, java.specification.name=Java Platform API Specification, java.class.version=52.0, sun.management.compiler=HotSpot 64-Bit Tiered Compilers, os.version=10.0, user.home=C:\Users\Abhishek, user.timezone=Australia/Sydney, java.awt.printerjob=sun.awt.windows.WPrinterJob, file.encoding=Cp1252, java.specification.version=1.8, java.class.path=E:\Environment\EclipseWorkspace\telecomservice\target\test-classes;E:\Environment\EclipseWorkspace\telecomservice\target\classes;E:\Environment\repo\org\springframework\boot\spring-boot-starter-actuator\2.0.0.RELEASE\spring-boot-starter-actuator-2.0.0.RELEASE.jar;E:\Environment\repo\org\springframework\boot\spring-boot-starter\2.0.0.RELEASE\spring-boot-starter-2.0.0.RELEASE.jar;E:\Environment\repo\org\springframework\boot\spring-boot-starter-logging\2.0.0.RELEASE\spring-boot-starter-logging-2.0.0.RELEASE.jar;E:\Environment\repo\ch\qos\logback\logback-classic\1.2.3\logback-classic-1.2.3.jar;E:\Environment\repo\ch\qos\logback\logback-core\1.2.3\logback-core-1.2.3.jar;E:\Environment\repo\org\apache\logging\log4j\log4j-to-slf4j\2.10.0\log4j-to-slf4j-2.10.0.jar;E:\Environment\repo\org\apache\logging\log4j\log4j-api\2.10.0\log4j-api-2.10.0.jar;E:\Environment\repo\org\slf4j\jul-to-slf4j\1.7.25\jul-to-slf4j-1.7.25.jar;E:\Environment\repo\javax\annotation\javax.annotation-api\1.3.2\javax.annotation-api-1.3.2.jar;E:\Environment\repo\org\yaml\snakeyaml\1.19\snakeyaml-1.19.jar;E:\Environment\repo\org\springframework\boot\spring-boot-actuator-autoconfigure\2.0.0.RELEASE\spring-boot-actuator-autoconfigure-2.0.0.RELEASE.jar;E:\Environment\repo\org\springframework\boot\spring-boot-actuator\2.0.0.RELEASE\spring-boot-actuator-2.0.0.RELEASE.jar;E:\Environment\repo\org\springframework\spring-context\5.0.4.RELEASE\spring-context-5.0.4.RELEASE.jar;E:\Environment\repo\com\fasterxml\jackson\datatype\jackson-datatype-jsr310\2.9.4\jackson-datatype-jsr310-2.9.4.jar;E:\Environment\repo\io\micrometer\micrometer-core\1.0.1\micrometer-core-1.0.1.jar;E:\Environment\repo\org\hdrhistogram\HdrHistogram\2.1.10\HdrHistogram-2.1.10.jar;E:\Environment\repo\org\latencyutils\LatencyUtils\2.0.3\LatencyUtils-2.0.3.jar;E:\Environment\repo\org\springframework\boot\spring-boot-starter-web\2.0.0.RELEASE\spring-boot-starter-web-2.0.0.RELEASE.jar;E:\Environment\repo\org\springframework\boot\spring-boot-starter-json\2.0.0.RELEASE\spring-boot-starter-json-2.0.0.RELEASE.jar;E:\Environment\repo\com\fasterxml\jackson\datatype\jackson-datatype-jdk8\2.9.4\jackson-datatype-jdk8-2.9.4.jar;E:\Environment\repo\com\fasterxml\jackson\module\jackson-module-parameter-names\2.9.4\jackson-module-parameter-names-2.9.4.jar;E:\Environment\repo\org\springframework\boot\spring-boot-starter-tomcat\2.0.0.RELEASE\spring-boot-starter-tomcat-2.0.0.RELEASE.jar;E:\Environment\repo\org\apache\tomcat\embed\tomcat-embed-websocket\8.5.28\tomcat-embed-websocket-8.5.28.jar;E:\Environment\repo\org\hibernate\validator\hibernate-validator\6.0.7.Final\hibernate-validator-6.0.7.Final.jar;E:\Environment\repo\javax\validation\validation-api\2.0.1.Final\validation-api-2.0.1.Final.jar;E:\Environment\repo\org\jboss\logging\jboss-logging\3.3.2.Final\jboss-logging-3.3.2.Final.jar;E:\Environment\repo\org\springframework\spring-web\5.0.4.RELEASE\spring-web-5.0.4.RELEASE.jar;E:\Environment\repo\org\springframework\spring-beans\5.0.4.RELEASE\spring-beans-5.0.4.RELEASE.jar;E:\Environment\repo\org\springframework\spring-webmvc\5.0.4.RELEASE\spring-webmvc-5.0.4.RELEASE.jar;E:\Environment\repo\org\springframework\spring-aop\5.0.4.RELEASE\spring-aop-5.0.4.RELEASE.jar;E:\Environment\repo\org\springframework\spring-expression\5.0.4.RELEASE\spring-expression-5.0.4.RELEASE.jar;E:\Environment\repo\org\apache\tomcat\embed\tomcat-embed-jasper\8.5.28\tomcat-embed-jasper-8.5.28.jar;E:\Environment\repo\org\apache\tomcat\embed\tomcat-embed-core\8.5.28\tomcat-embed-core-8.5.28.jar;E:\Environment\repo\org\apache\tomcat\tomcat-annotations-api\8.5.28\tomcat-annotations-api-8.5.28.jar;E:\Environment\repo\org\apache\tomcat\embed\tomcat-embed-el\8.5.28\tomcat-embed-el-8.5.28.jar;E:\Environment\repo\org\eclipse\jdt\ecj\3.12.3\ecj-3.12.3.jar;E:\Environment\repo\org\springframework\boot\spring-boot-starter-data-jpa\2.0.0.RELEASE\spring-boot-starter-data-jpa-2.0.0.RELEASE.jar;E:\Environment\repo\org\springframework\boot\spring-boot-starter-aop\2.0.0.RELEASE\spring-boot-starter-aop-2.0.0.RELEASE.jar;E:\Environment\repo\org\aspectj\aspectjweaver\1.8.13\aspectjweaver-1.8.13.jar;E:\Environment\repo\org\springframework\boot\spring-boot-starter-jdbc\2.0.0.RELEASE\spring-boot-starter-jdbc-2.0.0.RELEASE.jar;E:\Environment\repo\com\zaxxer\HikariCP\2.7.8\HikariCP-2.7.8.jar;E:\Environment\repo\org\springframework\spring-jdbc\5.0.4.RELEASE\spring-jdbc-5.0.4.RELEASE.jar;E:\Environment\repo\org\hibernate\hibernate-core\5.2.14.Final\hibernate-core-5.2.14.Final.jar;E:\Environment\repo\org\hibernate\javax\persistence\hibernate-jpa-2.1-api\1.0.0.Final\hibernate-jpa-2.1-api-1.0.0.Final.jar;E:\Environment\repo\org\javassist\javassist\3.22.0-GA\javassist-3.22.0-GA.jar;E:\Environment\repo\antlr\antlr\2.7.7\antlr-2.7.7.jar;E:\Environment\repo\org\jboss\jandex\2.0.3.Final\jandex-2.0.3.Final.jar;E:\Environment\repo\dom4j\dom4j\1.6.1\dom4j-1.6.1.jar;E:\Environment\repo\org\hibernate\common\hibernate-commons-annotations\5.0.1.Final\hibernate-commons-annotations-5.0.1.Final.jar;E:\Environment\repo\javax\transaction\javax.transaction-api\1.2\javax.transaction-api-1.2.jar;E:\Environment\repo\org\springframework\data\spring-data-jpa\2.0.5.RELEASE\spring-data-jpa-2.0.5.RELEASE.jar;E:\Environment\repo\org\springframework\data\spring-data-commons\2.0.5.RELEASE\spring-data-commons-2.0.5.RELEASE.jar;E:\Environment\repo\org\springframework\spring-orm\5.0.4.RELEASE\spring-orm-5.0.4.RELEASE.jar;E:\Environment\repo\org\springframework\spring-tx\5.0.4.RELEASE\spring-tx-5.0.4.RELEASE.jar;E:\Environment\repo\org\springframework\spring-aspects\5.0.4.RELEASE\spring-aspects-5.0.4.RELEASE.jar;E:\Environment\repo\org\springframework\boot\spring-boot-starter-data-rest\2.0.0.RELEASE\spring-boot-starter-data-rest-2.0.0.RELEASE.jar;E:\Environment\repo\org\springframework\data\spring-data-rest-webmvc\3.0.5.RELEASE\spring-data-rest-webmvc-3.0.5.RELEASE.jar;E:\Environment\repo\org\springframework\data\spring-data-rest-core\3.0.5.RELEASE\spring-data-rest-core-3.0.5.RELEASE.jar;E:\Environment\repo\org\springframework\hateoas\spring-hateoas\0.24.0.RELEASE\spring-hateoas-0.24.0.RELEASE.jar;E:\Environment\repo\org\atteo\evo-inflector\1.2.2\evo-inflector-1.2.2.jar;E:\Environment\repo\com\h2database\h2\1.4.196\h2-1.4.196.jar;E:\Environment\repo\com\fasterxml\jackson\dataformat\jackson-dataformat-xml\2.9.4\jackson-dataformat-xml-2.9.4.jar;E:\Environment\repo\com\fasterxml\jackson\core\jackson-core\2.9.4\jackson-core-2.9.4.jar;E:\Environment\repo\com\fasterxml\jackson\core\jackson-annotations\2.9.0\jackson-annotations-2.9.0.jar;E:\Environment\repo\com\fasterxml\jackson\core\jackson-databind\2.9.4\jackson-databind-2.9.4.jar;E:\Environment\repo\com\fasterxml\jackson\module\jackson-module-jaxb-annotations\2.9.4\jackson-module-jaxb-annotations-2.9.4.jar;E:\Environment\repo\org\codehaus\woodstox\stax2-api\3.1.4\stax2-api-3.1.4.jar;E:\Environment\repo\com\fasterxml\woodstox\woodstox-core\5.0.3\woodstox-core-5.0.3.jar;E:\Environment\repo\org\springframework\data\spring-data-rest-hal-browser\3.0.5.RELEASE\spring-data-rest-hal-browser-3.0.5.RELEASE.jar;E:\Environment\repo\org\slf4j\slf4j-api\1.7.25\slf4j-api-1.7.25.jar;E:\Environment\repo\org\springframework\boot\spring-boot-devtools\2.0.0.RELEASE\spring-boot-devtools-2.0.0.RELEASE.jar;E:\Environment\repo\org\springframework\boot\spring-boot\2.0.0.RELEASE\spring-boot-2.0.0.RELEASE.jar;E:\Environment\repo\org\springframework\boot\spring-boot-autoconfigure\2.0.0.RELEASE\spring-boot-autoconfigure-2.0.0.RELEASE.jar;E:\Environment\repo\org\springframework\boot\spring-boot-starter-test\2.0.0.RELEASE\spring-boot-starter-test-2.0.0.RELEASE.jar;E:\Environment\repo\org\springframework\boot\spring-boot-test\2.0.0.RELEASE\spring-boot-test-2.0.0.RELEASE.jar;E:\Environment\repo\org\springframework\boot\spring-boot-test-autoconfigure\2.0.0.RELEASE\spring-boot-test-autoconfigure-2.0.0.RELEASE.jar;E:\Environment\repo\com\jayway\jsonpath\json-path\2.4.0\json-path-2.4.0.jar;E:\Environment\repo\net\minidev\json-smart\2.3\json-smart-2.3.jar;E:\Environment\repo\net\minidev\accessors-smart\1.2\accessors-smart-1.2.jar;E:\Environment\repo\org\ow2\asm\asm\5.0.4\asm-5.0.4.jar;E:\Environment\repo\junit\junit\4.12\junit-4.12.jar;E:\Environment\repo\org\assertj\assertj-core\3.9.1\assertj-core-3.9.1.jar;E:\Environment\repo\org\mockito\mockito-core\2.15.0\mockito-core-2.15.0.jar;E:\Environment\repo\net\bytebuddy\byte-buddy\1.7.10\byte-buddy-1.7.10.jar;E:\Environment\repo\net\bytebuddy\byte-buddy-agent\1.7.10\byte-buddy-agent-1.7.10.jar;E:\Environment\repo\org\objenesis\objenesis\2.6\objenesis-2.6.jar;E:\Environment\repo\org\hamcrest\hamcrest-core\1.3\hamcrest-core-1.3.jar;E:\Environment\repo\org\hamcrest\hamcrest-library\1.3\hamcrest-library-1.3.jar;E:\Environment\repo\org\skyscreamer\jsonassert\1.5.0\jsonassert-1.5.0.jar;E:\Environment\repo\com\vaadin\external\google\android-json\0.0.20131108.vaadin1\android-json-0.0.20131108.vaadin1.jar;E:\Environment\repo\org\springframework\spring-core\5.0.4.RELEASE\spring-core-5.0.4.RELEASE.jar;E:\Environment\repo\org\springframework\spring-jcl\5.0.4.RELEASE\spring-jcl-5.0.4.RELEASE.jar;E:\Environment\repo\org\springframework\spring-test\5.0.4.RELEASE\spring-test-5.0.4.RELEASE.jar;E:\Environment\repo\org\xmlunit\xmlunit-core\2.5.1\xmlunit-core-2.5.1.jar;E:\Environment\repo\org\projectlombok\lombok\1.16.16\lombok-1.16.16.jar;E:\Environment\repo\io\springfox\springfox-swagger2\2.4.0\springfox-swagger2-2.4.0.jar;E:\Environment\repo\io\swagger\swagger-annotations\1.5.6\swagger-annotations-1.5.6.jar;E:\Environment\repo\io\swagger\swagger-models\1.5.6\swagger-models-1.5.6.jar;E:\Environment\repo\io\springfox\springfox-spi\2.4.0\springfox-spi-2.4.0.jar;E:\Environment\repo\io\springfox\springfox-core\2.4.0\springfox-core-2.4.0.jar;E:\Environment\repo\io\springfox\springfox-schema\2.4.0\springfox-schema-2.4.0.jar;E:\Environment\repo\io\springfox\springfox-swagger-common\2.4.0\springfox-swagger-common-2.4.0.jar;E:\Environment\repo\io\springfox\springfox-spring-web\2.4.0\springfox-spring-web-2.4.0.jar;E:\Environment\repo\com\google\guava\guava\18.0\guava-18.0.jar;E:\Environment\repo\com\fasterxml\classmate\1.3.4\classmate-1.3.4.jar;E:\Environment\repo\org\springframework\plugin\spring-plugin-core\1.2.0.RELEASE\spring-plugin-core-1.2.0.RELEASE.jar;E:\Environment\repo\org\springframework\plugin\spring-plugin-metadata\1.2.0.RELEASE\spring-plugin-metadata-1.2.0.RELEASE.jar;E:\Environment\repo\io\springfox\springfox-swagger-ui\2.4.0\springfox-swagger-ui-2.4.0.jar;, user.name=Abhishek, java.vm.specification.version=1.8, sun.java.command=C:\Users\Abhishek\AppData\Local\Temp\surefire1891529934084528171\surefirebooter2670755690367871111.jar C:\Users\Abhishek\AppData\Local\Temp\surefire1891529934084528171 2019-04-02T17-53-43_929-jvmRun1 surefire139755582200688337tmp surefire_05609555325216351527tmp, java.home=E:\Environment\jdk1.8.0_111\jre, sun.arch.data.model=64, user.language=en, java.specification.vendor=Oracle Corporation, awt.toolkit=sun.awt.windows.WToolkit, java.vm.info=mixed mode, java.version=1.8.0_111, java.ext.dirs=E:\Environment\jdk1.8.0_111\jre\lib\ext;C:\WINDOWS\Sun\Java\lib\ext, sun.boot.class.path=E:\Environment\jdk1.8.0_111\jre\lib\resources.jar;E:\Environment\jdk1.8.0_111\jre\lib\rt.jar;E:\Environment\jdk1.8.0_111\jre\lib\sunrsasign.jar;E:\Environment\jdk1.8.0_111\jre\lib\jsse.jar;E:\Environment\jdk1.8.0_111\jre\lib\jce.jar;E:\Environment\jdk1.8.0_111\jre\lib\charsets.jar;E:\Environment\jdk1.8.0_111\jre\lib\jfr.jar;E:\Environment\jdk1.8.0_111\jre\classes, java.vendor=Oracle Corporation, localRepository=E:\Environment\repo, file.separator=\, java.vendor.url.bug=http://bugreport.sun.com/bugreport/, sun.io.unicode.encoding=UnicodeLittle, sun.cpu.endian=little, sun.desktop=windows, sun.cpu.isalist=amd64}}, SystemEnvironmentPropertySource@246168102 {name='systemEnvironment', properties={PATH=C:\Program Files (x86)\Intel\iCLS Client\;C:\ProgramData\Oracle\Java\javapath;C:\Program Files\Intel\iCLS Client\;C:\WINDOWS\system32;C:\WINDOWS;C:\WINDOWS\System32\Wbem;C:\WINDOWS\System32\WindowsPowerShell\v1.0\;C:\Program Files (x86)\Intel\Intel(R) Management Engine Components\DAL;C:\Program Files\Intel\Intel(R) Management Engine Components\DAL;C:\Program Files (x86)\Intel\Intel(R) Management Engine Components\IPT;C:\Program Files\Intel\Intel(R) Management Engine Components\IPT;C:\Program Files\Git\cmd;C:\Program Files\Intel\IntelSGXPSW\bin\x64\Release\;C:\Program Files\Intel\IntelSGXPSW\bin\win32\Release\;C:\Program Files\TortoiseSVN\bin;C:\Program Files\Microsoft SQL Server\Client SDK\ODBC\130\Tools\Binn\;C:\Program Files (x86)\Microsoft SQL Server\130\Tools\Binn\;C:\Program Files\Microsoft SQL Server\130\Tools\Binn\;C:\Program Files\Microsoft SQL Server\130\DTS\Binn\;C:\WINDOWS\System32\OpenSSH\;C:\Program Files\Intel\WiFi\bin\;C:\Program Files\Common Files\Intel\WirelessCommon\;C:\Program Files\nodejs\;C:\Program Files\Amazon\AWSCLI\bin\;C:\Program Files\PuTTY\;C:\Users\Abhishek\AppData\Local\Microsoft\WindowsApps;E:\Environment\jdk1.8.0_111\bin;C:\Users\Abhishek\AppData\Roaming\npm;E:\Environment\apache-tomcat-8.0.39\bin;E:\Environment\apache-maven-3.3.9\apache-maven-3.3.9\bin;, USERDOMAIN_ROAMINGPROFILE=LAPTOP-8UNP3UFU, PROCESSOR_LEVEL=6, SYSTEMDRIVE=C:, SESSIONNAME=Console, ALLUSERSPROFILE=C:\ProgramData, PLATFORMCODE=KV, PROCESSOR_ARCHITECTURE=AMD64, DRIVERDATA=C:\Windows\System32\Drivers\DriverData, =E:=E:\Environment\EclipseWorkspace\telecomservice, PROGRAMFILES=C:\Program Files, PSMODULEPATH=C:\Program Files\WindowsPowerShell\Modules;C:\WINDOWS\system32\WindowsPowerShell\v1.0\Modules;C:\Program Files (x86)\Microsoft SQL Server\130\Tools\PowerShell\Modules\, PROGRAMDATA=C:\ProgramData, USERNAME=Abhishek, WDIR=E:\, FPS_BROWSER_USER_PROFILE_STRING=Default, ONEDRIVE=C:\Users\Abhishek\OneDrive, PATHEXT=.COM;.EXE;.BAT;.CMD;.VBS;.VBE;.JS;.JSE;.WSF;.WSH;.MSC, CLASSWORLDS_JAR="E:\Environment\apache-maven-3.3.9\apache-maven-3.3.9\boot\plexus-classworlds-2.5.2.jar", REGIONCODE=APJ, WINDIR=C:\WINDOWS, HOMEPATH=\Users\Abhishek, PROCESSOR_IDENTIFIER=Intel64 Family 6 Model 78 Stepping 3, GenuineIntel, M2_HOME=E:\Environment\apache-maven-3.3.9\apache-maven-3.3.9, MAVEN_JAVA_EXE="E:\Environment\jdk1.8.0_111\bin\java.exe", PUBLIC=C:\Users\Public, =::=::\, LOCALAPPDATA=C:\Users\Abhishek\AppData\Local, COMMONPROGRAMFILES(X86)=C:\Program Files (x86)\Common Files, USERDOMAIN=LAPTOP-8UNP3UFU, FPS_BROWSER_APP_PROFILE_STRING=Internet Explorer, LOGONSERVER=\\LAPTOP-8UNP3UFU, JAVA_HOME=E:\Environment\jdk1.8.0_111, PROMPT=$P$G, PROGRAMFILES(X86)=C:\Program Files (x86), ASL.LOG=Destination=file, ERROR_CODE=0, EXEC_DIR=E:\Environment\EclipseWorkspace\telecomservice, ONLINESERVICES=Online Services, =C:=C:\Users\Abhishek, APPDATA=C:\Users\Abhishek\AppData\Roaming, PROGRAMW6432=C:\Program Files, SYSTEMROOT=C:\WINDOWS, MAVEN_CMD_LINE_ARGS=test, VBOX_MSI_INSTALL_PATH=C:\Program Files\Oracle\VirtualBox\, OS=Windows_NT, COMMONPROGRAMW6432=C:\Program Files\Common Files, COMPUTERNAME=LAPTOP-8UNP3UFU, COMMONPROGRAMFILES=C:\Program Files\Common Files, COMSPEC=C:\WINDOWS\system32\cmd.exe, CATALINA_HOME=E:\Environment\apache-tomcat-8.0.39, MAVEN_PROJECTBASEDIR=E:\Environment\EclipseWorkspace\telecomservice, PROCESSOR_REVISION=4e03, CLASSWORLDS_LAUNCHER=org.codehaus.plexus.classworlds.launcher.Launcher, TEMP=C:\Users\Abhishek\AppData\Local\Temp, HOMEDRIVE=C:, USERPROFILE=C:\Users\Abhishek, TMP=C:\Users\Abhishek\AppData\Local\Temp, NUMBER_OF_PROCESSORS=4, HOME=C:\Users\Abhishek}}]
17:53:49.298 [main] DEBUG org.springframework.core.io.support.PathMatchingResourcePatternResolver - Resolved classpath location [com/telecom/] to resources [URL [file:/E:/Environment/EclipseWorkspace/telecomservice/target/test-classes/com/telecom/], URL [file:/E:/Environment/EclipseWorkspace/telecomservice/target/classes/com/telecom/]]
17:53:49.304 [main] DEBUG org.springframework.core.io.support.PathMatchingResourcePatternResolver - Looking for matching resources in directory tree [E:\Environment\EclipseWorkspace\telecomservice\target\test-classes\com\telecom]
17:53:49.304 [main] DEBUG org.springframework.core.io.support.PathMatchingResourcePatternResolver - Searching directory [E:\Environment\EclipseWorkspace\telecomservice\target\test-classes\com\telecom] for files matching pattern [E:/Environment/EclipseWorkspace/telecomservice/target/test-classes/com/telecom/*.class]
17:53:49.321 [main] DEBUG org.springframework.core.io.support.PathMatchingResourcePatternResolver - Looking for matching resources in directory tree [E:\Environment\EclipseWorkspace\telecomservice\target\classes\com\telecom]
17:53:49.321 [main] DEBUG org.springframework.core.io.support.PathMatchingResourcePatternResolver - Searching directory [E:\Environment\EclipseWorkspace\telecomservice\target\classes\com\telecom] for files matching pattern [E:/Environment/EclipseWorkspace/telecomservice/target/classes/com/telecom/*.class]
17:53:49.327 [main] DEBUG org.springframework.core.io.support.PathMatchingResourcePatternResolver - Resolved location pattern [classpath*:com/telecom/*.class] to resources [file [E:\Environment\EclipseWorkspace\telecomservice\target\test-classes\com\telecom\RepositoryIntegrationTest.class], file [E:\Environment\EclipseWorkspace\telecomservice\target\test-classes\com\telecom\TelecomApplicationTests.class], file [E:\Environment\EclipseWorkspace\telecomservice\target\test-classes\com\telecom\TelecomControllerIntegrationTest$1.class], file [E:\Environment\EclipseWorkspace\telecomservice\target\test-classes\com\telecom\TelecomControllerIntegrationTest.class], file [E:\Environment\EclipseWorkspace\telecomservice\target\test-classes\com\telecom\TelecomServiceTest$1.class], file [E:\Environment\EclipseWorkspace\telecomservice\target\test-classes\com\telecom\TelecomServiceTest.class], file [E:\Environment\EclipseWorkspace\telecomservice\target\classes\com\telecom\TelecomApplication.class]]
17:53:49.638 [main] DEBUG org.springframework.context.annotation.ClassPathScanningCandidateComponentProvider - Identified candidate component class: file [E:\Environment\EclipseWorkspace\telecomservice\target\classes\com\telecom\TelecomApplication.class]
17:53:49.645 [main] INFO org.springframework.boot.test.context.SpringBootTestContextBootstrapper - Found @SpringBootConfiguration com.telecom.TelecomApplication for test class com.telecom.RepositoryIntegrationTest
17:53:49.670 [main] DEBUG org.springframework.boot.test.context.SpringBootTestContextBootstrapper - @TestExecutionListeners is not present for class [com.telecom.RepositoryIntegrationTest]: using defaults.
17:53:49.674 [main] INFO org.springframework.boot.test.context.SpringBootTestContextBootstrapper - Loaded default TestExecutionListener class names from location [META-INF/spring.factories]: [org.springframework.boot.test.mock.mockito.MockitoTestExecutionListener, org.springframework.boot.test.mock.mockito.ResetMocksTestExecutionListener, org.springframework.boot.test.autoconfigure.restdocs.RestDocsTestExecutionListener, org.springframework.boot.test.autoconfigure.web.client.MockRestServiceServerResetTestExecutionListener, org.springframework.boot.test.autoconfigure.web.servlet.MockMvcPrintOnlyOnFailureTestExecutionListener, org.springframework.boot.test.autoconfigure.web.servlet.WebDriverTestExecutionListener, org.springframework.test.context.web.ServletTestExecutionListener, org.springframework.test.context.support.DirtiesContextBeforeModesTestExecutionListener, org.springframework.test.context.support.DependencyInjectionTestExecutionListener, org.springframework.test.context.support.DirtiesContextTestExecutionListener, org.springframework.test.context.transaction.TransactionalTestExecutionListener, org.springframework.test.context.jdbc.SqlScriptsTestExecutionListener]
17:53:49.840 [main] INFO org.springframework.boot.test.context.SpringBootTestContextBootstrapper - Using TestExecutionListeners: [org.springframework.test.context.web.ServletTestExecutionListener@59d0cdb6, org.springframework.test.context.support.DirtiesContextBeforeModesTestExecutionListener@2dfeb141, org.springframework.boot.test.mock.mockito.MockitoTestExecutionListener@629e8212, org.springframework.boot.test.autoconfigure.SpringBootDependencyInjectionTestExecutionListener@498c535d, org.springframework.test.context.support.DirtiesContextTestExecutionListener@16ee9aa7, org.springframework.test.context.transaction.TransactionalTestExecutionListener@4e424582, org.springframework.test.context.jdbc.SqlScriptsTestExecutionListener@58dad04a, org.springframework.boot.test.mock.mockito.ResetMocksTestExecutionListener@73e776b7, org.springframework.boot.test.autoconfigure.restdocs.RestDocsTestExecutionListener@113ee1ce, org.springframework.boot.test.autoconfigure.web.client.MockRestServiceServerResetTestExecutionListener@4d0cc83e, org.springframework.boot.test.autoconfigure.web.servlet.MockMvcPrintOnlyOnFailureTestExecutionListener@43da0955, org.springframework.boot.test.autoconfigure.web.servlet.WebDriverTestExecutionListener@bc09d57]
17:53:49.861 [main] DEBUG org.springframework.test.annotation.ProfileValueUtils - Retrieved @ProfileValueSourceConfiguration [null] for test class [com.telecom.RepositoryIntegrationTest]
17:53:49.863 [main] DEBUG org.springframework.test.annotation.ProfileValueUtils - Retrieved ProfileValueSource type [class org.springframework.test.annotation.SystemProfileValueSource] for class [com.telecom.RepositoryIntegrationTest]
17:53:49.867 [main] DEBUG org.springframework.test.annotation.ProfileValueUtils - Retrieved @ProfileValueSourceConfiguration [null] for test class [com.telecom.RepositoryIntegrationTest]
17:53:49.871 [main] DEBUG org.springframework.test.annotation.ProfileValueUtils - Retrieved ProfileValueSource type [class org.springframework.test.annotation.SystemProfileValueSource] for class [com.telecom.RepositoryIntegrationTest]
17:53:49.871 [main] DEBUG org.springframework.test.annotation.ProfileValueUtils - Retrieved @ProfileValueSourceConfiguration [null] for test class [com.telecom.RepositoryIntegrationTest]
17:53:49.871 [main] DEBUG org.springframework.test.annotation.ProfileValueUtils - Retrieved ProfileValueSource type [class org.springframework.test.annotation.SystemProfileValueSource] for class [com.telecom.RepositoryIntegrationTest]
17:53:49.911 [main] DEBUG org.springframework.test.context.support.AbstractDirtiesContextTestExecutionListener - Before test class: context [DefaultTestContext@9df564f testClass = RepositoryIntegrationTest, testInstance = [null], testMethod = [null], testException = [null], mergedContextConfiguration = [MergedContextConfiguration@1a21f43f testClass = RepositoryIntegrationTest, locations = '{}', classes = '{class com.telecom.TelecomApplication}', contextInitializerClasses = '[]', activeProfiles = '{}', propertySourceLocations = '{}', propertySourceProperties = '{org.springframework.boot.test.context.SpringBootTestContextBootstrapper=true}', contextCustomizers = set[[ImportsContextCustomizer@7f0a133d key = [org.springframework.boot.autoconfigure.cache.CacheAutoConfiguration, org.springframework.boot.autoconfigure.data.jpa.JpaRepositoriesAutoConfiguration, org.springframework.boot.autoconfigure.flyway.FlywayAutoConfiguration, org.springframework.boot.autoconfigure.jdbc.DataSourceAutoConfiguration, org.springframework.boot.autoconfigure.jdbc.DataSourceTransactionManagerAutoConfiguration, org.springframework.boot.autoconfigure.jdbc.JdbcTemplateAutoConfiguration, org.springframework.boot.autoconfigure.liquibase.LiquibaseAutoConfiguration, org.springframework.boot.autoconfigure.orm.jpa.HibernateJpaAutoConfiguration, org.springframework.boot.autoconfigure.transaction.TransactionAutoConfiguration, org.springframework.boot.test.autoconfigure.jdbc.TestDatabaseAutoConfiguration, org.springframework.boot.test.autoconfigure.orm.jpa.TestEntityManagerAutoConfiguration]], org.springframework.boot.test.context.filter.ExcludeFilterContextCustomizer@2b22a1cc, org.springframework.boot.test.json.DuplicateJsonObjectContextCustomizerFactory$DuplicateJsonObjectContextCustomizer@60859f5a, org.springframework.boot.test.mock.mockito.MockitoContextCustomizer@0, org.springframework.boot.test.autoconfigure.OverrideAutoConfigurationContextCustomizerFactory$DisableAutoConfigurationContextCustomizer@13741d5a, org.springframework.boot.test.autoconfigure.filter.TypeExcludeFiltersContextCustomizer@351584c0, org.springframework.boot.test.autoconfigure.properties.PropertyMappingContextCustomizer@1471d110, org.springframework.boot.test.autoconfigure.web.servlet.WebDriverContextCustomizerFactory$Customizer@b16e202], contextLoader = 'org.springframework.boot.test.context.SpringBootContextLoader', parent = [null]], attributes = map[[empty]]], class annotated with @DirtiesContext [false] with mode [null].
17:53:49.912 [main] DEBUG org.springframework.test.annotation.ProfileValueUtils - Retrieved @ProfileValueSourceConfiguration [null] for test class [com.telecom.RepositoryIntegrationTest]
17:53:49.912 [main] DEBUG org.springframework.test.annotation.ProfileValueUtils - Retrieved ProfileValueSource type [class org.springframework.test.annotation.SystemProfileValueSource] for class [com.telecom.RepositoryIntegrationTest]
17:53:49.941 [main] DEBUG org.springframework.test.context.support.DependencyInjectionTestExecutionListener - Performing dependency injection for test context [[DefaultTestContext@9df564f testClass = RepositoryIntegrationTest, testInstance = com.telecom.RepositoryIntegrationTest@67688110, testMethod = [null], testException = [null], mergedContextConfiguration = [MergedContextConfiguration@1a21f43f testClass = RepositoryIntegrationTest, locations = '{}', classes = '{class com.telecom.TelecomApplication}', contextInitializerClasses = '[]', activeProfiles = '{}', propertySourceLocations = '{}', propertySourceProperties = '{org.springframework.boot.test.context.SpringBootTestContextBootstrapper=true}', contextCustomizers = set[[ImportsContextCustomizer@7f0a133d key = [org.springframework.boot.autoconfigure.cache.CacheAutoConfiguration, org.springframework.boot.autoconfigure.data.jpa.JpaRepositoriesAutoConfiguration, org.springframework.boot.autoconfigure.flyway.FlywayAutoConfiguration, org.springframework.boot.autoconfigure.jdbc.DataSourceAutoConfiguration, org.springframework.boot.autoconfigure.jdbc.DataSourceTransactionManagerAutoConfiguration, org.springframework.boot.autoconfigure.jdbc.JdbcTemplateAutoConfiguration, org.springframework.boot.autoconfigure.liquibase.LiquibaseAutoConfiguration, org.springframework.boot.autoconfigure.orm.jpa.HibernateJpaAutoConfiguration, org.springframework.boot.autoconfigure.transaction.TransactionAutoConfiguration, org.springframework.boot.test.autoconfigure.jdbc.TestDatabaseAutoConfiguration, org.springframework.boot.test.autoconfigure.orm.jpa.TestEntityManagerAutoConfiguration]], org.springframework.boot.test.context.filter.ExcludeFilterContextCustomizer@2b22a1cc, org.springframework.boot.test.json.DuplicateJsonObjectContextCustomizerFactory$DuplicateJsonObjectContextCustomizer@60859f5a, org.springframework.boot.test.mock.mockito.MockitoContextCustomizer@0, org.springframework.boot.test.autoconfigure.OverrideAutoConfigurationContextCustomizerFactory$DisableAutoConfigurationContextCustomizer@13741d5a, org.springframework.boot.test.autoconfigure.filter.TypeExcludeFiltersContextCustomizer@351584c0, org.springframework.boot.test.autoconfigure.properties.PropertyMappingContextCustomizer@1471d110, org.springframework.boot.test.autoconfigure.web.servlet.WebDriverContextCustomizerFactory$Customizer@b16e202], contextLoader = 'org.springframework.boot.test.context.SpringBootContextLoader', parent = [null]], attributes = map[[empty]]]].
17:53:50.088 [main] DEBUG org.springframework.core.env.StandardEnvironment - Adding PropertySource 'systemProperties' with lowest search precedence
17:53:50.103 [main] DEBUG org.springframework.core.env.StandardEnvironment - Adding PropertySource 'systemEnvironment' with lowest search precedence
17:53:50.106 [main] DEBUG org.springframework.core.env.StandardEnvironment - Initialized StandardEnvironment with PropertySources [MapPropertySource@663326227 {name='systemProperties', properties={java.runtime.name=Java(TM) SE Runtime Environment, sun.boot.library.path=E:\Environment\jdk1.8.0_111\jre\bin, java.vm.version=25.111-b14, java.vm.vendor=Oracle Corporation, java.vendor.url=http://java.oracle.com/, path.separator=;, java.vm.name=Java HotSpot(TM) 64-Bit Server VM, file.encoding.pkg=sun.io, user.country=SG, user.script=, sun.java.launcher=SUN_STANDARD, sun.os.patch.level=, java.vm.specification.name=Java Virtual Machine Specification, user.dir=E:\Environment\EclipseWorkspace\telecomservice, java.runtime.version=1.8.0_111-b14, basedir=E:\Environment\EclipseWorkspace\telecomservice, java.awt.graphicsenv=sun.awt.Win32GraphicsEnvironment, java.endorsed.dirs=E:\Environment\jdk1.8.0_111\jre\lib\endorsed, os.arch=amd64, surefire.real.class.path=C:\Users\Abhishek\AppData\Local\Temp\surefire1891529934084528171\surefirebooter2670755690367871111.jar;E:\\Environment\\repo\\org\\jacoco\\org.jacoco.agent\\0.8.2\\org.jacoco.agent-0.8.2-runtime.jar, java.io.tmpdir=C:\Users\Abhishek\AppData\Local\Temp\, line.separator=
, java.vm.specification.vendor=Oracle Corporation, user.variant=, os.name=Windows 10, sun.jnu.encoding=Cp1252, java.library.path=E:\Environment\jdk1.8.0_111\jre\bin;C:\WINDOWS\Sun\Java\bin;C:\WINDOWS\system32;C:\WINDOWS;C:\Program Files (x86)\Intel\iCLS Client\;C:\ProgramData\Oracle\Java\javapath;C:\Program Files\Intel\iCLS Client\;C:\WINDOWS\system32;C:\WINDOWS;C:\WINDOWS\System32\Wbem;C:\WINDOWS\System32\WindowsPowerShell\v1.0\;C:\Program Files (x86)\Intel\Intel(R) Management Engine Components\DAL;C:\Program Files\Intel\Intel(R) Management Engine Components\DAL;C:\Program Files (x86)\Intel\Intel(R) Management Engine Components\IPT;C:\Program Files\Intel\Intel(R) Management Engine Components\IPT;C:\Program Files\Git\cmd;C:\Program Files\Intel\IntelSGXPSW\bin\x64\Release\;C:\Program Files\Intel\IntelSGXPSW\bin\win32\Release\;C:\Program Files\TortoiseSVN\bin;C:\Program Files\Microsoft SQL Server\Client SDK\ODBC\130\Tools\Binn\;C:\Program Files (x86)\Microsoft SQL Server\130\Tools\Binn\;C:\Program Files\Microsoft SQL Server\130\Tools\Binn\;C:\Program Files\Microsoft SQL Server\130\DTS\Binn\;C:\WINDOWS\System32\OpenSSH\;C:\Program Files\Intel\WiFi\bin\;C:\Program Files\Common Files\Intel\WirelessCommon\;C:\Program Files\nodejs\;C:\Program Files\Amazon\AWSCLI\bin\;C:\Program Files\PuTTY\;C:\Users\Abhishek\AppData\Local\Microsoft\WindowsApps;E:\Environment\jdk1.8.0_111\bin;C:\Users\Abhishek\AppData\Roaming\npm;E:\Environment\apache-tomcat-8.0.39\bin;E:\Environment\apache-maven-3.3.9\apache-maven-3.3.9\bin;;., surefire.test.class.path=E:\Environment\EclipseWorkspace\telecomservice\target\test-classes;E:\Environment\EclipseWorkspace\telecomservice\target\classes;E:\Environment\repo\org\springframework\boot\spring-boot-starter-actuator\2.0.0.RELEASE\spring-boot-starter-actuator-2.0.0.RELEASE.jar;E:\Environment\repo\org\springframework\boot\spring-boot-starter\2.0.0.RELEASE\spring-boot-starter-2.0.0.RELEASE.jar;E:\Environment\repo\org\springframework\boot\spring-boot-starter-logging\2.0.0.RELEASE\spring-boot-starter-logging-2.0.0.RELEASE.jar;E:\Environment\repo\ch\qos\logback\logback-classic\1.2.3\logback-classic-1.2.3.jar;E:\Environment\repo\ch\qos\logback\logback-core\1.2.3\logback-core-1.2.3.jar;E:\Environment\repo\org\apache\logging\log4j\log4j-to-slf4j\2.10.0\log4j-to-slf4j-2.10.0.jar;E:\Environment\repo\org\apache\logging\log4j\log4j-api\2.10.0\log4j-api-2.10.0.jar;E:\Environment\repo\org\slf4j\jul-to-slf4j\1.7.25\jul-to-slf4j-1.7.25.jar;E:\Environment\repo\javax\annotation\javax.annotation-api\1.3.2\javax.annotation-api-1.3.2.jar;E:\Environment\repo\org\yaml\snakeyaml\1.19\snakeyaml-1.19.jar;E:\Environment\repo\org\springframework\boot\spring-boot-actuator-autoconfigure\2.0.0.RELEASE\spring-boot-actuator-autoconfigure-2.0.0.RELEASE.jar;E:\Environment\repo\org\springframework\boot\spring-boot-actuator\2.0.0.RELEASE\spring-boot-actuator-2.0.0.RELEASE.jar;E:\Environment\repo\org\springframework\spring-context\5.0.4.RELEASE\spring-context-5.0.4.RELEASE.jar;E:\Environment\repo\com\fasterxml\jackson\datatype\jackson-datatype-jsr310\2.9.4\jackson-datatype-jsr310-2.9.4.jar;E:\Environment\repo\io\micrometer\micrometer-core\1.0.1\micrometer-core-1.0.1.jar;E:\Environment\repo\org\hdrhistogram\HdrHistogram\2.1.10\HdrHistogram-2.1.10.jar;E:\Environment\repo\org\latencyutils\LatencyUtils\2.0.3\LatencyUtils-2.0.3.jar;E:\Environment\repo\org\springframework\boot\spring-boot-starter-web\2.0.0.RELEASE\spring-boot-starter-web-2.0.0.RELEASE.jar;E:\Environment\repo\org\springframework\boot\spring-boot-starter-json\2.0.0.RELEASE\spring-boot-starter-json-2.0.0.RELEASE.jar;E:\Environment\repo\com\fasterxml\jackson\datatype\jackson-datatype-jdk8\2.9.4\jackson-datatype-jdk8-2.9.4.jar;E:\Environment\repo\com\fasterxml\jackson\module\jackson-module-parameter-names\2.9.4\jackson-module-parameter-names-2.9.4.jar;E:\Environment\repo\org\springframework\boot\spring-boot-starter-tomcat\2.0.0.RELEASE\spring-boot-starter-tomcat-2.0.0.RELEASE.jar;E:\Environment\repo\org\apache\tomcat\embed\tomcat-embed-websocket\8.5.28\tomcat-embed-websocket-8.5.28.jar;E:\Environment\repo\org\hibernate\validator\hibernate-validator\6.0.7.Final\hibernate-validator-6.0.7.Final.jar;E:\Environment\repo\javax\validation\validation-api\2.0.1.Final\validation-api-2.0.1.Final.jar;E:\Environment\repo\org\jboss\logging\jboss-logging\3.3.2.Final\jboss-logging-3.3.2.Final.jar;E:\Environment\repo\org\springframework\spring-web\5.0.4.RELEASE\spring-web-5.0.4.RELEASE.jar;E:\Environment\repo\org\springframework\spring-beans\5.0.4.RELEASE\spring-beans-5.0.4.RELEASE.jar;E:\Environment\repo\org\springframework\spring-webmvc\5.0.4.RELEASE\spring-webmvc-5.0.4.RELEASE.jar;E:\Environment\repo\org\springframework\spring-aop\5.0.4.RELEASE\spring-aop-5.0.4.RELEASE.jar;E:\Environment\repo\org\springframework\spring-expression\5.0.4.RELEASE\spring-expression-5.0.4.RELEASE.jar;E:\Environment\repo\org\apache\tomcat\embed\tomcat-embed-jasper\8.5.28\tomcat-embed-jasper-8.5.28.jar;E:\Environment\repo\org\apache\tomcat\embed\tomcat-embed-core\8.5.28\tomcat-embed-core-8.5.28.jar;E:\Environment\repo\org\apache\tomcat\tomcat-annotations-api\8.5.28\tomcat-annotations-api-8.5.28.jar;E:\Environment\repo\org\apache\tomcat\embed\tomcat-embed-el\8.5.28\tomcat-embed-el-8.5.28.jar;E:\Environment\repo\org\eclipse\jdt\ecj\3.12.3\ecj-3.12.3.jar;E:\Environment\repo\org\springframework\boot\spring-boot-starter-data-jpa\2.0.0.RELEASE\spring-boot-starter-data-jpa-2.0.0.RELEASE.jar;E:\Environment\repo\org\springframework\boot\spring-boot-starter-aop\2.0.0.RELEASE\spring-boot-starter-aop-2.0.0.RELEASE.jar;E:\Environment\repo\org\aspectj\aspectjweaver\1.8.13\aspectjweaver-1.8.13.jar;E:\Environment\repo\org\springframework\boot\spring-boot-starter-jdbc\2.0.0.RELEASE\spring-boot-starter-jdbc-2.0.0.RELEASE.jar;E:\Environment\repo\com\zaxxer\HikariCP\2.7.8\HikariCP-2.7.8.jar;E:\Environment\repo\org\springframework\spring-jdbc\5.0.4.RELEASE\spring-jdbc-5.0.4.RELEASE.jar;E:\Environment\repo\org\hibernate\hibernate-core\5.2.14.Final\hibernate-core-5.2.14.Final.jar;E:\Environment\repo\org\hibernate\javax\persistence\hibernate-jpa-2.1-api\1.0.0.Final\hibernate-jpa-2.1-api-1.0.0.Final.jar;E:\Environment\repo\org\javassist\javassist\3.22.0-GA\javassist-3.22.0-GA.jar;E:\Environment\repo\antlr\antlr\2.7.7\antlr-2.7.7.jar;E:\Environment\repo\org\jboss\jandex\2.0.3.Final\jandex-2.0.3.Final.jar;E:\Environment\repo\dom4j\dom4j\1.6.1\dom4j-1.6.1.jar;E:\Environment\repo\org\hibernate\common\hibernate-commons-annotations\5.0.1.Final\hibernate-commons-annotations-5.0.1.Final.jar;E:\Environment\repo\javax\transaction\javax.transaction-api\1.2\javax.transaction-api-1.2.jar;E:\Environment\repo\org\springframework\data\spring-data-jpa\2.0.5.RELEASE\spring-data-jpa-2.0.5.RELEASE.jar;E:\Environment\repo\org\springframework\data\spring-data-commons\2.0.5.RELEASE\spring-data-commons-2.0.5.RELEASE.jar;E:\Environment\repo\org\springframework\spring-orm\5.0.4.RELEASE\spring-orm-5.0.4.RELEASE.jar;E:\Environment\repo\org\springframework\spring-tx\5.0.4.RELEASE\spring-tx-5.0.4.RELEASE.jar;E:\Environment\repo\org\springframework\spring-aspects\5.0.4.RELEASE\spring-aspects-5.0.4.RELEASE.jar;E:\Environment\repo\org\springframework\boot\spring-boot-starter-data-rest\2.0.0.RELEASE\spring-boot-starter-data-rest-2.0.0.RELEASE.jar;E:\Environment\repo\org\springframework\data\spring-data-rest-webmvc\3.0.5.RELEASE\spring-data-rest-webmvc-3.0.5.RELEASE.jar;E:\Environment\repo\org\springframework\data\spring-data-rest-core\3.0.5.RELEASE\spring-data-rest-core-3.0.5.RELEASE.jar;E:\Environment\repo\org\springframework\hateoas\spring-hateoas\0.24.0.RELEASE\spring-hateoas-0.24.0.RELEASE.jar;E:\Environment\repo\org\atteo\evo-inflector\1.2.2\evo-inflector-1.2.2.jar;E:\Environment\repo\com\h2database\h2\1.4.196\h2-1.4.196.jar;E:\Environment\repo\com\fasterxml\jackson\dataformat\jackson-dataformat-xml\2.9.4\jackson-dataformat-xml-2.9.4.jar;E:\Environment\repo\com\fasterxml\jackson\core\jackson-core\2.9.4\jackson-core-2.9.4.jar;E:\Environment\repo\com\fasterxml\jackson\core\jackson-annotations\2.9.0\jackson-annotations-2.9.0.jar;E:\Environment\repo\com\fasterxml\jackson\core\jackson-databind\2.9.4\jackson-databind-2.9.4.jar;E:\Environment\repo\com\fasterxml\jackson\module\jackson-module-jaxb-annotations\2.9.4\jackson-module-jaxb-annotations-2.9.4.jar;E:\Environment\repo\org\codehaus\woodstox\stax2-api\3.1.4\stax2-api-3.1.4.jar;E:\Environment\repo\com\fasterxml\woodstox\woodstox-core\5.0.3\woodstox-core-5.0.3.jar;E:\Environment\repo\org\springframework\data\spring-data-rest-hal-browser\3.0.5.RELEASE\spring-data-rest-hal-browser-3.0.5.RELEASE.jar;E:\Environment\repo\org\slf4j\slf4j-api\1.7.25\slf4j-api-1.7.25.jar;E:\Environment\repo\org\springframework\boot\spring-boot-devtools\2.0.0.RELEASE\spring-boot-devtools-2.0.0.RELEASE.jar;E:\Environment\repo\org\springframework\boot\spring-boot\2.0.0.RELEASE\spring-boot-2.0.0.RELEASE.jar;E:\Environment\repo\org\springframework\boot\spring-boot-autoconfigure\2.0.0.RELEASE\spring-boot-autoconfigure-2.0.0.RELEASE.jar;E:\Environment\repo\org\springframework\boot\spring-boot-starter-test\2.0.0.RELEASE\spring-boot-starter-test-2.0.0.RELEASE.jar;E:\Environment\repo\org\springframework\boot\spring-boot-test\2.0.0.RELEASE\spring-boot-test-2.0.0.RELEASE.jar;E:\Environment\repo\org\springframework\boot\spring-boot-test-autoconfigure\2.0.0.RELEASE\spring-boot-test-autoconfigure-2.0.0.RELEASE.jar;E:\Environment\repo\com\jayway\jsonpath\json-path\2.4.0\json-path-2.4.0.jar;E:\Environment\repo\net\minidev\json-smart\2.3\json-smart-2.3.jar;E:\Environment\repo\net\minidev\accessors-smart\1.2\accessors-smart-1.2.jar;E:\Environment\repo\org\ow2\asm\asm\5.0.4\asm-5.0.4.jar;E:\Environment\repo\junit\junit\4.12\junit-4.12.jar;E:\Environment\repo\org\assertj\assertj-core\3.9.1\assertj-core-3.9.1.jar;E:\Environment\repo\org\mockito\mockito-core\2.15.0\mockito-core-2.15.0.jar;E:\Environment\repo\net\bytebuddy\byte-buddy\1.7.10\byte-buddy-1.7.10.jar;E:\Environment\repo\net\bytebuddy\byte-buddy-agent\1.7.10\byte-buddy-agent-1.7.10.jar;E:\Environment\repo\org\objenesis\objenesis\2.6\objenesis-2.6.jar;E:\Environment\repo\org\hamcrest\hamcrest-core\1.3\hamcrest-core-1.3.jar;E:\Environment\repo\org\hamcrest\hamcrest-library\1.3\hamcrest-library-1.3.jar;E:\Environment\repo\org\skyscreamer\jsonassert\1.5.0\jsonassert-1.5.0.jar;E:\Environment\repo\com\vaadin\external\google\android-json\0.0.20131108.vaadin1\android-json-0.0.20131108.vaadin1.jar;E:\Environment\repo\org\springframework\spring-core\5.0.4.RELEASE\spring-core-5.0.4.RELEASE.jar;E:\Environment\repo\org\springframework\spring-jcl\5.0.4.RELEASE\spring-jcl-5.0.4.RELEASE.jar;E:\Environment\repo\org\springframework\spring-test\5.0.4.RELEASE\spring-test-5.0.4.RELEASE.jar;E:\Environment\repo\org\xmlunit\xmlunit-core\2.5.1\xmlunit-core-2.5.1.jar;E:\Environment\repo\org\projectlombok\lombok\1.16.16\lombok-1.16.16.jar;E:\Environment\repo\io\springfox\springfox-swagger2\2.4.0\springfox-swagger2-2.4.0.jar;E:\Environment\repo\io\swagger\swagger-annotations\1.5.6\swagger-annotations-1.5.6.jar;E:\Environment\repo\io\swagger\swagger-models\1.5.6\swagger-models-1.5.6.jar;E:\Environment\repo\io\springfox\springfox-spi\2.4.0\springfox-spi-2.4.0.jar;E:\Environment\repo\io\springfox\springfox-core\2.4.0\springfox-core-2.4.0.jar;E:\Environment\repo\io\springfox\springfox-schema\2.4.0\springfox-schema-2.4.0.jar;E:\Environment\repo\io\springfox\springfox-swagger-common\2.4.0\springfox-swagger-common-2.4.0.jar;E:\Environment\repo\io\springfox\springfox-spring-web\2.4.0\springfox-spring-web-2.4.0.jar;E:\Environment\repo\com\google\guava\guava\18.0\guava-18.0.jar;E:\Environment\repo\com\fasterxml\classmate\1.3.4\classmate-1.3.4.jar;E:\Environment\repo\org\springframework\plugin\spring-plugin-core\1.2.0.RELEASE\spring-plugin-core-1.2.0.RELEASE.jar;E:\Environment\repo\org\springframework\plugin\spring-plugin-metadata\1.2.0.RELEASE\spring-plugin-metadata-1.2.0.RELEASE.jar;E:\Environment\repo\io\springfox\springfox-swagger-ui\2.4.0\springfox-swagger-ui-2.4.0.jar;, java.specification.name=Java Platform API Specification, java.class.version=52.0, sun.management.compiler=HotSpot 64-Bit Tiered Compilers, os.version=10.0, user.home=C:\Users\Abhishek, user.timezone=Australia/Sydney, java.awt.printerjob=sun.awt.windows.WPrinterJob, file.encoding=Cp1252, java.specification.version=1.8, java.class.path=E:\Environment\EclipseWorkspace\telecomservice\target\test-classes;E:\Environment\EclipseWorkspace\telecomservice\target\classes;E:\Environment\repo\org\springframework\boot\spring-boot-starter-actuator\2.0.0.RELEASE\spring-boot-starter-actuator-2.0.0.RELEASE.jar;E:\Environment\repo\org\springframework\boot\spring-boot-starter\2.0.0.RELEASE\spring-boot-starter-2.0.0.RELEASE.jar;E:\Environment\repo\org\springframework\boot\spring-boot-starter-logging\2.0.0.RELEASE\spring-boot-starter-logging-2.0.0.RELEASE.jar;E:\Environment\repo\ch\qos\logback\logback-classic\1.2.3\logback-classic-1.2.3.jar;E:\Environment\repo\ch\qos\logback\logback-core\1.2.3\logback-core-1.2.3.jar;E:\Environment\repo\org\apache\logging\log4j\log4j-to-slf4j\2.10.0\log4j-to-slf4j-2.10.0.jar;E:\Environment\repo\org\apache\logging\log4j\log4j-api\2.10.0\log4j-api-2.10.0.jar;E:\Environment\repo\org\slf4j\jul-to-slf4j\1.7.25\jul-to-slf4j-1.7.25.jar;E:\Environment\repo\javax\annotation\javax.annotation-api\1.3.2\javax.annotation-api-1.3.2.jar;E:\Environment\repo\org\yaml\snakeyaml\1.19\snakeyaml-1.19.jar;E:\Environment\repo\org\springframework\boot\spring-boot-actuator-autoconfigure\2.0.0.RELEASE\spring-boot-actuator-autoconfigure-2.0.0.RELEASE.jar;E:\Environment\repo\org\springframework\boot\spring-boot-actuator\2.0.0.RELEASE\spring-boot-actuator-2.0.0.RELEASE.jar;E:\Environment\repo\org\springframework\spring-context\5.0.4.RELEASE\spring-context-5.0.4.RELEASE.jar;E:\Environment\repo\com\fasterxml\jackson\datatype\jackson-datatype-jsr310\2.9.4\jackson-datatype-jsr310-2.9.4.jar;E:\Environment\repo\io\micrometer\micrometer-core\1.0.1\micrometer-core-1.0.1.jar;E:\Environment\repo\org\hdrhistogram\HdrHistogram\2.1.10\HdrHistogram-2.1.10.jar;E:\Environment\repo\org\latencyutils\LatencyUtils\2.0.3\LatencyUtils-2.0.3.jar;E:\Environment\repo\org\springframework\boot\spring-boot-starter-web\2.0.0.RELEASE\spring-boot-starter-web-2.0.0.RELEASE.jar;E:\Environment\repo\org\springframework\boot\spring-boot-starter-json\2.0.0.RELEASE\spring-boot-starter-json-2.0.0.RELEASE.jar;E:\Environment\repo\com\fasterxml\jackson\datatype\jackson-datatype-jdk8\2.9.4\jackson-datatype-jdk8-2.9.4.jar;E:\Environment\repo\com\fasterxml\jackson\module\jackson-module-parameter-names\2.9.4\jackson-module-parameter-names-2.9.4.jar;E:\Environment\repo\org\springframework\boot\spring-boot-starter-tomcat\2.0.0.RELEASE\spring-boot-starter-tomcat-2.0.0.RELEASE.jar;E:\Environment\repo\org\apache\tomcat\embed\tomcat-embed-websocket\8.5.28\tomcat-embed-websocket-8.5.28.jar;E:\Environment\repo\org\hibernate\validator\hibernate-validator\6.0.7.Final\hibernate-validator-6.0.7.Final.jar;E:\Environment\repo\javax\validation\validation-api\2.0.1.Final\validation-api-2.0.1.Final.jar;E:\Environment\repo\org\jboss\logging\jboss-logging\3.3.2.Final\jboss-logging-3.3.2.Final.jar;E:\Environment\repo\org\springframework\spring-web\5.0.4.RELEASE\spring-web-5.0.4.RELEASE.jar;E:\Environment\repo\org\springframework\spring-beans\5.0.4.RELEASE\spring-beans-5.0.4.RELEASE.jar;E:\Environment\repo\org\springframework\spring-webmvc\5.0.4.RELEASE\spring-webmvc-5.0.4.RELEASE.jar;E:\Environment\repo\org\springframework\spring-aop\5.0.4.RELEASE\spring-aop-5.0.4.RELEASE.jar;E:\Environment\repo\org\springframework\spring-expression\5.0.4.RELEASE\spring-expression-5.0.4.RELEASE.jar;E:\Environment\repo\org\apache\tomcat\embed\tomcat-embed-jasper\8.5.28\tomcat-embed-jasper-8.5.28.jar;E:\Environment\repo\org\apache\tomcat\embed\tomcat-embed-core\8.5.28\tomcat-embed-core-8.5.28.jar;E:\Environment\repo\org\apache\tomcat\tomcat-annotations-api\8.5.28\tomcat-annotations-api-8.5.28.jar;E:\Environment\repo\org\apache\tomcat\embed\tomcat-embed-el\8.5.28\tomcat-embed-el-8.5.28.jar;E:\Environment\repo\org\eclipse\jdt\ecj\3.12.3\ecj-3.12.3.jar;E:\Environment\repo\org\springframework\boot\spring-boot-starter-data-jpa\2.0.0.RELEASE\spring-boot-starter-data-jpa-2.0.0.RELEASE.jar;E:\Environment\repo\org\springframework\boot\spring-boot-starter-aop\2.0.0.RELEASE\spring-boot-starter-aop-2.0.0.RELEASE.jar;E:\Environment\repo\org\aspectj\aspectjweaver\1.8.13\aspectjweaver-1.8.13.jar;E:\Environment\repo\org\springframework\boot\spring-boot-starter-jdbc\2.0.0.RELEASE\spring-boot-starter-jdbc-2.0.0.RELEASE.jar;E:\Environment\repo\com\zaxxer\HikariCP\2.7.8\HikariCP-2.7.8.jar;E:\Environment\repo\org\springframework\spring-jdbc\5.0.4.RELEASE\spring-jdbc-5.0.4.RELEASE.jar;E:\Environment\repo\org\hibernate\hibernate-core\5.2.14.Final\hibernate-core-5.2.14.Final.jar;E:\Environment\repo\org\hibernate\javax\persistence\hibernate-jpa-2.1-api\1.0.0.Final\hibernate-jpa-2.1-api-1.0.0.Final.jar;E:\Environment\repo\org\javassist\javassist\3.22.0-GA\javassist-3.22.0-GA.jar;E:\Environment\repo\antlr\antlr\2.7.7\antlr-2.7.7.jar;E:\Environment\repo\org\jboss\jandex\2.0.3.Final\jandex-2.0.3.Final.jar;E:\Environment\repo\dom4j\dom4j\1.6.1\dom4j-1.6.1.jar;E:\Environment\repo\org\hibernate\common\hibernate-commons-annotations\5.0.1.Final\hibernate-commons-annotations-5.0.1.Final.jar;E:\Environment\repo\javax\transaction\javax.transaction-api\1.2\javax.transaction-api-1.2.jar;E:\Environment\repo\org\springframework\data\spring-data-jpa\2.0.5.RELEASE\spring-data-jpa-2.0.5.RELEASE.jar;E:\Environment\repo\org\springframework\data\spring-data-commons\2.0.5.RELEASE\spring-data-commons-2.0.5.RELEASE.jar;E:\Environment\repo\org\springframework\spring-orm\5.0.4.RELEASE\spring-orm-5.0.4.RELEASE.jar;E:\Environment\repo\org\springframework\spring-tx\5.0.4.RELEASE\spring-tx-5.0.4.RELEASE.jar;E:\Environment\repo\org\springframework\spring-aspects\5.0.4.RELEASE\spring-aspects-5.0.4.RELEASE.jar;E:\Environment\repo\org\springframework\boot\spring-boot-starter-data-rest\2.0.0.RELEASE\spring-boot-starter-data-rest-2.0.0.RELEASE.jar;E:\Environment\repo\org\springframework\data\spring-data-rest-webmvc\3.0.5.RELEASE\spring-data-rest-webmvc-3.0.5.RELEASE.jar;E:\Environment\repo\org\springframework\data\spring-data-rest-core\3.0.5.RELEASE\spring-data-rest-core-3.0.5.RELEASE.jar;E:\Environment\repo\org\springframework\hateoas\spring-hateoas\0.24.0.RELEASE\spring-hateoas-0.24.0.RELEASE.jar;E:\Environment\repo\org\atteo\evo-inflector\1.2.2\evo-inflector-1.2.2.jar;E:\Environment\repo\com\h2database\h2\1.4.196\h2-1.4.196.jar;E:\Environment\repo\com\fasterxml\jackson\dataformat\jackson-dataformat-xml\2.9.4\jackson-dataformat-xml-2.9.4.jar;E:\Environment\repo\com\fasterxml\jackson\core\jackson-core\2.9.4\jackson-core-2.9.4.jar;E:\Environment\repo\com\fasterxml\jackson\core\jackson-annotations\2.9.0\jackson-annotations-2.9.0.jar;E:\Environment\repo\com\fasterxml\jackson\core\jackson-databind\2.9.4\jackson-databind-2.9.4.jar;E:\Environment\repo\com\fasterxml\jackson\module\jackson-module-jaxb-annotations\2.9.4\jackson-module-jaxb-annotations-2.9.4.jar;E:\Environment\repo\org\codehaus\woodstox\stax2-api\3.1.4\stax2-api-3.1.4.jar;E:\Environment\repo\com\fasterxml\woodstox\woodstox-core\5.0.3\woodstox-core-5.0.3.jar;E:\Environment\repo\org\springframework\data\spring-data-rest-hal-browser\3.0.5.RELEASE\spring-data-rest-hal-browser-3.0.5.RELEASE.jar;E:\Environment\repo\org\slf4j\slf4j-api\1.7.25\slf4j-api-1.7.25.jar;E:\Environment\repo\org\springframework\boot\spring-boot-devtools\2.0.0.RELEASE\spring-boot-devtools-2.0.0.RELEASE.jar;E:\Environment\repo\org\springframework\boot\spring-boot\2.0.0.RELEASE\spring-boot-2.0.0.RELEASE.jar;E:\Environment\repo\org\springframework\boot\spring-boot-autoconfigure\2.0.0.RELEASE\spring-boot-autoconfigure-2.0.0.RELEASE.jar;E:\Environment\repo\org\springframework\boot\spring-boot-starter-test\2.0.0.RELEASE\spring-boot-starter-test-2.0.0.RELEASE.jar;E:\Environment\repo\org\springframework\boot\spring-boot-test\2.0.0.RELEASE\spring-boot-test-2.0.0.RELEASE.jar;E:\Environment\repo\org\springframework\boot\spring-boot-test-autoconfigure\2.0.0.RELEASE\spring-boot-test-autoconfigure-2.0.0.RELEASE.jar;E:\Environment\repo\com\jayway\jsonpath\json-path\2.4.0\json-path-2.4.0.jar;E:\Environment\repo\net\minidev\json-smart\2.3\json-smart-2.3.jar;E:\Environment\repo\net\minidev\accessors-smart\1.2\accessors-smart-1.2.jar;E:\Environment\repo\org\ow2\asm\asm\5.0.4\asm-5.0.4.jar;E:\Environment\repo\junit\junit\4.12\junit-4.12.jar;E:\Environment\repo\org\assertj\assertj-core\3.9.1\assertj-core-3.9.1.jar;E:\Environment\repo\org\mockito\mockito-core\2.15.0\mockito-core-2.15.0.jar;E:\Environment\repo\net\bytebuddy\byte-buddy\1.7.10\byte-buddy-1.7.10.jar;E:\Environment\repo\net\bytebuddy\byte-buddy-agent\1.7.10\byte-buddy-agent-1.7.10.jar;E:\Environment\repo\org\objenesis\objenesis\2.6\objenesis-2.6.jar;E:\Environment\repo\org\hamcrest\hamcrest-core\1.3\hamcrest-core-1.3.jar;E:\Environment\repo\org\hamcrest\hamcrest-library\1.3\hamcrest-library-1.3.jar;E:\Environment\repo\org\skyscreamer\jsonassert\1.5.0\jsonassert-1.5.0.jar;E:\Environment\repo\com\vaadin\external\google\android-json\0.0.20131108.vaadin1\android-json-0.0.20131108.vaadin1.jar;E:\Environment\repo\org\springframework\spring-core\5.0.4.RELEASE\spring-core-5.0.4.RELEASE.jar;E:\Environment\repo\org\springframework\spring-jcl\5.0.4.RELEASE\spring-jcl-5.0.4.RELEASE.jar;E:\Environment\repo\org\springframework\spring-test\5.0.4.RELEASE\spring-test-5.0.4.RELEASE.jar;E:\Environment\repo\org\xmlunit\xmlunit-core\2.5.1\xmlunit-core-2.5.1.jar;E:\Environment\repo\org\projectlombok\lombok\1.16.16\lombok-1.16.16.jar;E:\Environment\repo\io\springfox\springfox-swagger2\2.4.0\springfox-swagger2-2.4.0.jar;E:\Environment\repo\io\swagger\swagger-annotations\1.5.6\swagger-annotations-1.5.6.jar;E:\Environment\repo\io\swagger\swagger-models\1.5.6\swagger-models-1.5.6.jar;E:\Environment\repo\io\springfox\springfox-spi\2.4.0\springfox-spi-2.4.0.jar;E:\Environment\repo\io\springfox\springfox-core\2.4.0\springfox-core-2.4.0.jar;E:\Environment\repo\io\springfox\springfox-schema\2.4.0\springfox-schema-2.4.0.jar;E:\Environment\repo\io\springfox\springfox-swagger-common\2.4.0\springfox-swagger-common-2.4.0.jar;E:\Environment\repo\io\springfox\springfox-spring-web\2.4.0\springfox-spring-web-2.4.0.jar;E:\Environment\repo\com\google\guava\guava\18.0\guava-18.0.jar;E:\Environment\repo\com\fasterxml\classmate\1.3.4\classmate-1.3.4.jar;E:\Environment\repo\org\springframework\plugin\spring-plugin-core\1.2.0.RELEASE\spring-plugin-core-1.2.0.RELEASE.jar;E:\Environment\repo\org\springframework\plugin\spring-plugin-metadata\1.2.0.RELEASE\spring-plugin-metadata-1.2.0.RELEASE.jar;E:\Environment\repo\io\springfox\springfox-swagger-ui\2.4.0\springfox-swagger-ui-2.4.0.jar;, user.name=Abhishek, java.vm.specification.version=1.8, sun.java.command=C:\Users\Abhishek\AppData\Local\Temp\surefire1891529934084528171\surefirebooter2670755690367871111.jar C:\Users\Abhishek\AppData\Local\Temp\surefire1891529934084528171 2019-04-02T17-53-43_929-jvmRun1 surefire139755582200688337tmp surefire_05609555325216351527tmp, java.home=E:\Environment\jdk1.8.0_111\jre, sun.arch.data.model=64, user.language=en, java.specification.vendor=Oracle Corporation, awt.toolkit=sun.awt.windows.WToolkit, java.vm.info=mixed mode, java.version=1.8.0_111, java.ext.dirs=E:\Environment\jdk1.8.0_111\jre\lib\ext;C:\WINDOWS\Sun\Java\lib\ext, sun.boot.class.path=E:\Environment\jdk1.8.0_111\jre\lib\resources.jar;E:\Environment\jdk1.8.0_111\jre\lib\rt.jar;E:\Environment\jdk1.8.0_111\jre\lib\sunrsasign.jar;E:\Environment\jdk1.8.0_111\jre\lib\jsse.jar;E:\Environment\jdk1.8.0_111\jre\lib\jce.jar;E:\Environment\jdk1.8.0_111\jre\lib\charsets.jar;E:\Environment\jdk1.8.0_111\jre\lib\jfr.jar;E:\Environment\jdk1.8.0_111\jre\classes, java.vendor=Oracle Corporation, localRepository=E:\Environment\repo, file.separator=\, java.vendor.url.bug=http://bugreport.sun.com/bugreport/, sun.io.unicode.encoding=UnicodeLittle, sun.cpu.endian=little, sun.desktop=windows, sun.cpu.isalist=amd64}}, SystemEnvironmentPropertySource@1331644236 {name='systemEnvironment', properties={PATH=C:\Program Files (x86)\Intel\iCLS Client\;C:\ProgramData\Oracle\Java\javapath;C:\Program Files\Intel\iCLS Client\;C:\WINDOWS\system32;C:\WINDOWS;C:\WINDOWS\System32\Wbem;C:\WINDOWS\System32\WindowsPowerShell\v1.0\;C:\Program Files (x86)\Intel\Intel(R) Management Engine Components\DAL;C:\Program Files\Intel\Intel(R) Management Engine Components\DAL;C:\Program Files (x86)\Intel\Intel(R) Management Engine Components\IPT;C:\Program Files\Intel\Intel(R) Management Engine Components\IPT;C:\Program Files\Git\cmd;C:\Program Files\Intel\IntelSGXPSW\bin\x64\Release\;C:\Program Files\Intel\IntelSGXPSW\bin\win32\Release\;C:\Program Files\TortoiseSVN\bin;C:\Program Files\Microsoft SQL Server\Client SDK\ODBC\130\Tools\Binn\;C:\Program Files (x86)\Microsoft SQL Server\130\Tools\Binn\;C:\Program Files\Microsoft SQL Server\130\Tools\Binn\;C:\Program Files\Microsoft SQL Server\130\DTS\Binn\;C:\WINDOWS\System32\OpenSSH\;C:\Program Files\Intel\WiFi\bin\;C:\Program Files\Common Files\Intel\WirelessCommon\;C:\Program Files\nodejs\;C:\Program Files\Amazon\AWSCLI\bin\;C:\Program Files\PuTTY\;C:\Users\Abhishek\AppData\Local\Microsoft\WindowsApps;E:\Environment\jdk1.8.0_111\bin;C:\Users\Abhishek\AppData\Roaming\npm;E:\Environment\apache-tomcat-8.0.39\bin;E:\Environment\apache-maven-3.3.9\apache-maven-3.3.9\bin;, USERDOMAIN_ROAMINGPROFILE=LAPTOP-8UNP3UFU, PROCESSOR_LEVEL=6, SYSTEMDRIVE=C:, SESSIONNAME=Console, ALLUSERSPROFILE=C:\ProgramData, PLATFORMCODE=KV, PROCESSOR_ARCHITECTURE=AMD64, DRIVERDATA=C:\Windows\System32\Drivers\DriverData, =E:=E:\Environment\EclipseWorkspace\telecomservice, PROGRAMFILES=C:\Program Files, PSMODULEPATH=C:\Program Files\WindowsPowerShell\Modules;C:\WINDOWS\system32\WindowsPowerShell\v1.0\Modules;C:\Program Files (x86)\Microsoft SQL Server\130\Tools\PowerShell\Modules\, PROGRAMDATA=C:\ProgramData, USERNAME=Abhishek, WDIR=E:\, FPS_BROWSER_USER_PROFILE_STRING=Default, ONEDRIVE=C:\Users\Abhishek\OneDrive, PATHEXT=.COM;.EXE;.BAT;.CMD;.VBS;.VBE;.JS;.JSE;.WSF;.WSH;.MSC, CLASSWORLDS_JAR="E:\Environment\apache-maven-3.3.9\apache-maven-3.3.9\boot\plexus-classworlds-2.5.2.jar", REGIONCODE=APJ, WINDIR=C:\WINDOWS, HOMEPATH=\Users\Abhishek, PROCESSOR_IDENTIFIER=Intel64 Family 6 Model 78 Stepping 3, GenuineIntel, M2_HOME=E:\Environment\apache-maven-3.3.9\apache-maven-3.3.9, MAVEN_JAVA_EXE="E:\Environment\jdk1.8.0_111\bin\java.exe", PUBLIC=C:\Users\Public, =::=::\, LOCALAPPDATA=C:\Users\Abhishek\AppData\Local, COMMONPROGRAMFILES(X86)=C:\Program Files (x86)\Common Files, USERDOMAIN=LAPTOP-8UNP3UFU, FPS_BROWSER_APP_PROFILE_STRING=Internet Explorer, LOGONSERVER=\\LAPTOP-8UNP3UFU, JAVA_HOME=E:\Environment\jdk1.8.0_111, PROMPT=$P$G, PROGRAMFILES(X86)=C:\Program Files (x86), ASL.LOG=Destination=file, ERROR_CODE=0, EXEC_DIR=E:\Environment\EclipseWorkspace\telecomservice, ONLINESERVICES=Online Services, =C:=C:\Users\Abhishek, APPDATA=C:\Users\Abhishek\AppData\Roaming, PROGRAMW6432=C:\Program Files, SYSTEMROOT=C:\WINDOWS, MAVEN_CMD_LINE_ARGS=test, VBOX_MSI_INSTALL_PATH=C:\Program Files\Oracle\VirtualBox\, OS=Windows_NT, COMMONPROGRAMW6432=C:\Program Files\Common Files, COMPUTERNAME=LAPTOP-8UNP3UFU, COMMONPROGRAMFILES=C:\Program Files\Common Files, COMSPEC=C:\WINDOWS\system32\cmd.exe, CATALINA_HOME=E:\Environment\apache-tomcat-8.0.39, MAVEN_PROJECTBASEDIR=E:\Environment\EclipseWorkspace\telecomservice, PROCESSOR_REVISION=4e03, CLASSWORLDS_LAUNCHER=org.codehaus.plexus.classworlds.launcher.Launcher, TEMP=C:\Users\Abhishek\AppData\Local\Temp, HOMEDRIVE=C:, USERPROFILE=C:\Users\Abhishek, TMP=C:\Users\Abhishek\AppData\Local\Temp, NUMBER_OF_PROCESSORS=4, HOME=C:\Users\Abhishek}}]
17:53:50.806 [main] DEBUG org.springframework.test.context.support.TestPropertySourceUtils - Adding inlined properties to environment: {spring.jmx.enabled=false, org.springframework.boot.test.context.SpringBootTestContextBootstrapper=true, server.port=-1}
17:53:50.806 [main] DEBUG org.springframework.core.env.StandardEnvironment - Adding PropertySource 'Inlined Test Properties' with highest search precedence

  .   ____          _            __ _ _
 /\\ / ___'_ __ _ _(_)_ __  __ _ \ \ \ \
( ( )\___ | '_ | '_| | '_ \/ _` | \ \ \ \
 \\/  ___)| |_)| | | | | || (_| |  ) ) ) )
  '  |____| .__|_| |_|_| |_\__, | / / / /
 =========|_|==============|___/=/_/_/_/
 :: Spring Boot ::        (v2.0.0.RELEASE)

&amp#27;[30m2019-04-02 17:53:53,204&amp#27;[0;39m &amp#27;[34mINFO &amp#27;[0;39m [&amp#27;[34mmain&amp#27;[0;39m] &amp#27;[33morg.springframework.boot.StartupInfoLogger&amp#27;[0;39m: Starting RepositoryIntegrationTest on LAPTOP-8UNP3UFU with PID 27420 (started by Abhishek in E:\Environment\EclipseWorkspace\telecomservice)
&amp#27;[30m2019-04-02 17:53:53,216&amp#27;[0;39m &amp#27;[34mINFO &amp#27;[0;39m [&amp#27;[34mmain&amp#27;[0;39m] &amp#27;[33morg.springframework.boot.SpringApplication&amp#27;[0;39m: No active profile set, falling back to default profiles: default
&amp#27;[30m2019-04-02 17:53:53,360&amp#27;[0;39m &amp#27;[34mINFO &amp#27;[0;39m [&amp#27;[34mmain&amp#27;[0;39m] &amp#27;[33morg.springframework.context.support.AbstractApplicationContext&amp#27;[0;39m: Refreshing org.springframework.context.annotation.AnnotationConfigApplicationContext@4fe3f9ef: startup date [Tue Apr 02 17:53:53 AEDT 2019]; root of context hierarchy
&amp#27;[30m2019-04-02 17:53:55,800&amp#27;[0;39m &amp#27;[34mINFO &amp#27;[0;39m [&amp#27;[34mmain&amp#27;[0;39m] &amp#27;[33morg.springframework.boot.test.autoconfigure.jdbc.TestDatabaseAutoConfiguration$EmbeddedDataSourceBeanFactoryPostProcessor&amp#27;[0;39m: Replacing 'dataSource' DataSource bean with embedded version
&amp#27;[30m2019-04-02 17:53:55,815&amp#27;[0;39m &amp#27;[34mINFO &amp#27;[0;39m [&amp#27;[34mmain&amp#27;[0;39m] &amp#27;[33morg.springframework.beans.factory.support.DefaultListableBeanFactory&amp#27;[0;39m: Overriding bean definition for bean 'dataSource' with a different definition: replacing [Root bean: class [null]; scope=; abstract=false; lazyInit=false; autowireMode=3; dependencyCheck=0; autowireCandidate=true; primary=false; factoryBeanName=org.springframework.boot.autoconfigure.jdbc.DataSourceConfiguration$Hikari; factoryMethodName=dataSource; initMethodName=null; destroyMethodName=(inferred); defined in class path resource [org/springframework/boot/autoconfigure/jdbc/DataSourceConfiguration$Hikari.class]] with [Root bean: class [org.springframework.boot.test.autoconfigure.jdbc.TestDatabaseAutoConfiguration$EmbeddedDataSourceFactoryBean]; scope=; abstract=false; lazyInit=false; autowireMode=0; dependencyCheck=0; autowireCandidate=true; primary=false; factoryBeanName=null; factoryMethodName=null; initMethodName=null; destroyMethodName=null]
&amp#27;[30m2019-04-02 17:53:57,101&amp#27;[0;39m &amp#27;[34mINFO &amp#27;[0;39m [&amp#27;[34mmain&amp#27;[0;39m] &amp#27;[33morg.springframework.jdbc.datasource.embedded.EmbeddedDatabaseFactory&amp#27;[0;39m: Starting embedded database: url='jdbc:h2:mem:ef81a37c-48e9-4797-af5e-20d87723f2ed;DB_CLOSE_DELAY=-1;DB_CLOSE_ON_EXIT=false', username='sa'
&amp#27;[30m2019-04-02 17:53:58,650&amp#27;[0;39m &amp#27;[34mINFO &amp#27;[0;39m [&amp#27;[34mmain&amp#27;[0;39m] &amp#27;[33morg.springframework.orm.jpa.LocalContainerEntityManagerFactoryBean&amp#27;[0;39m: Building JPA container EntityManagerFactory for persistence unit 'default'
&amp#27;[30m2019-04-02 17:53:58,738&amp#27;[0;39m &amp#27;[34mINFO &amp#27;[0;39m [&amp#27;[34mmain&amp#27;[0;39m] &amp#27;[33morg.hibernate.jpa.internal.util.LogHelper&amp#27;[0;39m: HHH000204: Processing PersistenceUnitInfo [
	name: default
	...]
&amp#27;[30m2019-04-02 17:53:59,058&amp#27;[0;39m &amp#27;[34mINFO &amp#27;[0;39m [&amp#27;[34mmain&amp#27;[0;39m] &amp#27;[33morg.hibernate.Version&amp#27;[0;39m: HHH000412: Hibernate Core {5.2.14.Final}
[...]
insert into customer (lastname, addressid, customersince, dateofbirth, firstname, gender, customerid) values (?, ?, ?, ?, ?, ?, ?) [23505-196]]; nested exception is org.hibernate.exception.ConstraintViolationException: could not execute statement, mergedContextConfiguration = [MergedContextConfiguration@1a21f43f testClass = RepositoryIntegrationTest, locations = '{}', classes = '{class com.telecom.TelecomApplication}', contextInitializerClasses = '[]', activeProfiles = '{}', propertySourceLocations = '{}', propertySourceProperties = '{org.springframework.boot.test.context.SpringBootTestContextBootstrapper=true}', contextCustomizers = set[[ImportsContextCustomizer@7f0a133d key = [org.springframework.boot.autoconfigure.cache.CacheAutoConfiguration, org.springframework.boot.autoconfigure.data.jpa.JpaRepositoriesAutoConfiguration, org.springframework.boot.autoconfigure.flyway.FlywayAutoConfiguration, org.springframework.boot.autoconfigure.jdbc.DataSourceAutoConfiguration, org.springframework.boot.autoconfigure.jdbc.DataSourceTransactionManagerAutoConfiguration, org.springframework.boot.autoconfigure.jdbc.JdbcTemplateAutoConfiguration, org.springframework.boot.autoconfigure.liquibase.LiquibaseAutoConfiguration, org.springframework.boot.autoconfigure.orm.jpa.HibernateJpaAutoConfiguration, org.springframework.boot.autoconfigure.transaction.TransactionAutoConfiguration, org.springframework.boot.test.autoconfigure.jdbc.TestDatabaseAutoConfiguration, org.springframework.boot.test.autoconfigure.orm.jpa.TestEntityManagerAutoConfiguration]], org.springframework.boot.test.context.filter.ExcludeFilterContextCustomizer@2b22a1cc, org.springframework.boot.test.json.DuplicateJsonObjectContextCustomizerFactory$DuplicateJsonObjectContextCustomizer@60859f5a, org.springframework.boot.test.mock.mockito.MockitoContextCustomizer@0, org.springframework.boot.test.autoconfigure.OverrideAutoConfigurationContextCustomizerFactory$DisableAutoConfigurationContextCustomizer@13741d5a, org.springframework.boot.test.autoconfigure.filter.TypeExcludeFiltersContextCustomizer@351584c0, org.springframework.boot.test.autoconfigure.properties.PropertyMappingContextCustomizer@1471d110, org.springframework.boot.test.autoconfigure.web.servlet.WebDriverContextCustomizerFactory$Customizer@b16e202], contextLoader = 'org.springframework.boot.test.context.SpringBootContextLoader', parent = [null]], attributes = map[[empty]]].
]]></system-out>
  </testcase>
  <testcase name="to_check_if_customer_not_exists_by_id" classname="com.telecom.RepositoryIntegrationTest" time="0.125">
    <error message="could not execute statement; SQL [n/a]; constraint [&quot;PRIMARY KEY ON PUBLIC.CUSTOMER(CUSTOMERID)&quot;; SQL statement:&#10;insert into customer (lastname, addressid, customersince, dateofbirth, firstname, gender, customerid) values (?, ?, ?, ?, ?, ?, ?) [23505-196]]; nested exception is org.hibernate.exception.ConstraintViolationException: could not execute statement" type="org.springframework.dao.DataIntegrityViolationException">org.springframework.dao.DataIntegrityViolationException: 
could not execute statement; SQL [n/a]; constraint ["PRIMARY KEY ON PUBLIC.CUSTOMER(CUSTOMERID)"; SQL statement:
insert into customer (lastname, addressid, customersince, dateofbirth, firstname, gender, customerid) values (?, ?, ?, ?, ?, ?, ?) [23505-196]]; nested exception is org.hibernate.exception.ConstraintViolationException: could not execute statement
	at com.telecom.RepositoryIntegrationTest.to_check_if_customer_not_exists_by_id(RepositoryIntegrationTest.java:49)
Caused by: org.hibernate.exception.ConstraintViolationException: could not execute statement
	at com.telecom.RepositoryIntegrationTest.to_check_if_customer_not_exists_by_id(RepositoryIntegrationTest.java:49)
Caused by: org.h2.jdbc.JdbcSQLException: 
Unique index or primary key violation: "PRIMARY KEY ON PUBLIC.CUSTOMER(CUSTOMERID)"; SQL statement:
insert into customer (lastname, addressid, customersince, dateofbirth, firstname, gender, customerid) values (?, ?, ?, ?, ?, ?, ?) [23505-196]
	at com.telecom.RepositoryIntegrationTest.to_check_if_customer_not_exists_by_id(RepositoryIntegrationTest.java:49)
</error>
    <system-out><![CDATA[&amp#27;[30m2019-04-02 17:54:05,717&amp#27;[0;39m &amp#27;[34mINFO &amp#27;[0;39m [&amp#27;[34mmain&amp#27;[0;39m] &amp#27;[33morg.springframework.test.context.transaction.TransactionContext&amp#27;[0;39m: Began transaction (1) for test context [DefaultTestContext@9df564f testClass = RepositoryIntegrationTest, testInstance = com.telecom.RepositoryIntegrationTest@1491a5f2, testMethod = to_check_if_customer_not_exists_by_id@RepositoryIntegrationTest, testException = [null], mergedContextConfiguration = [MergedContextConfiguration@1a21f43f testClass = RepositoryIntegrationTest, locations = '{}', classes = '{class com.telecom.TelecomApplication}', contextInitializerClasses = '[]', activeProfiles = '{}', propertySourceLocations = '{}', propertySourceProperties = '{org.springframework.boot.test.context.SpringBootTestContextBootstrapper=true}', contextCustomizers = set[[ImportsContextCustomizer@7f0a133d key = [org.springframework.boot.autoconfigure.cache.CacheAutoConfiguration, org.springframework.boot.autoconfigure.data.jpa.JpaRepositoriesAutoConfiguration, org.springframework.boot.autoconfigure.flyway.FlywayAutoConfiguration, org.springframework.boot.autoconfigure.jdbc.DataSourceAutoConfiguration, org.springframework.boot.autoconfigure.jdbc.DataSourceTransactionManagerAutoConfiguration, org.springframework.boot.autoconfigure.jdbc.JdbcTemplateAutoConfiguration, org.springframework.boot.autoconfigure.liquibase.LiquibaseAutoConfiguration, org.springframework.boot.autoconfigure.orm.jpa.HibernateJpaAutoConfiguration, org.springframework.boot.autoconfigure.transaction.TransactionAutoConfiguration, org.springframework.boot.test.autoconfigure.jdbc.TestDatabaseAutoConfiguration, org.springframework.boot.test.autoconfigure.orm.jpa.TestEntityManagerAutoConfiguration]], org.springframework.boot.test.context.filter.ExcludeFilterContextCustomizer@2b22a1cc, org.springframework.boot.test.json.DuplicateJsonObjectContextCustomizerFactory$DuplicateJsonObjectContextCustomizer@60859f5a, org.springframework.boot.test.mock.mockito.MockitoContextCustomizer@0, org.springframework.boot.test.autoconfigure.OverrideAutoConfigurationContextCustomizerFactory$DisableAutoConfigurationContextCustomizer@13741d5a, org.springframework.boot.test.autoconfigure.filter.TypeExcludeFiltersContextCustomizer@351584c0, org.springframework.boot.test.autoconfigure.properties.PropertyMappingContextCustomizer@1471d110, org.springframework.boot.test.autoconfigure.web.servlet.WebDriverContextCustomizerFactory$Customizer@b16e202], contextLoader = 'org.springframework.boot.test.context.SpringBootContextLoader', parent = [null]], attributes = map[[empty]]]; transaction manager [org.springframework.orm.jpa.JpaTransactionManager@54392ee5]; rollback [true]
Hibernate: insert into customer (lastname, addressid, customersince, dateofbirth, firstname, gender, customerid) values (?, ?, ?, ?, ?, ?, ?)
&amp#27;[30m2019-04-02 17:54:05,721&amp#27;[0;39m &amp#27;[31mWARN &amp#27;[0;39m [&amp#27;[34mmain&amp#27;[0;39m] &amp#27;[33morg.hibernate.engine.jdbc.spi.SqlExceptionHelper&amp#27;[0;39m: SQL Error: 23505, SQLState: 23505
&amp#27;[30m2019-04-02 17:54:05,725&amp#27;[0;39m &amp#27;[1;31mERROR&amp#27;[0;39m [&amp#27;[34mmain&amp#27;[0;39m] &amp#27;[33morg.hibernate.engine.jdbc.spi.SqlExceptionHelper&amp#27;[0;39m: Unique index or primary key violation: "PRIMARY KEY ON PUBLIC.CUSTOMER(CUSTOMERID)"; SQL statement:
insert into customer (lastname, addressid, customersince, dateofbirth, firstname, gender, customerid) values (?, ?, ?, ?, ?, ?, ?) [23505-196]
&amp#27;[30m2019-04-02 17:54:05,725&amp#27;[0;39m &amp#27;[34mINFO &amp#27;[0;39m [&amp#27;[34mmain&amp#27;[0;39m] &amp#27;[33morg.hibernate.engine.jdbc.batch.internal.AbstractBatchImpl&amp#27;[0;39m: HHH000010: On release of batch it still contained JDBC statements
&amp#27;[30m2019-04-02 17:54:05,741&amp#27;[0;39m &amp#27;[34mINFO &amp#27;[0;39m [&amp#27;[34mmain&amp#27;[0;39m] &amp#27;[33morg.springframework.test.context.transaction.TransactionContext&amp#27;[0;39m: Rolled back transaction for test context [DefaultTestContext@9df564f testClass = RepositoryIntegrationTest, testInstance = com.telecom.RepositoryIntegrationTest@1491a5f2, testMethod = to_check_if_customer_not_exists_by_id@RepositoryIntegrationTest, testException = org.springframework.dao.DataIntegrityViolationException: could not execute statement; SQL [n/a]; constraint ["PRIMARY KEY ON PUBLIC.CUSTOMER(CUSTOMERID)"; SQL statement:
insert into customer (lastname, addressid, customersince, dateofbirth, firstname, gender, customerid) values (?, ?, ?, ?, ?, ?, ?) [23505-196]]; nested exception is org.hibernate.exception.ConstraintViolationException: could not execute statement, mergedContextConfiguration = [MergedContextConfiguration@1a21f43f testClass = RepositoryIntegrationTest, locations = '{}', classes = '{class com.telecom.TelecomApplication}', contextInitializerClasses = '[]', activeProfiles = '{}', propertySourceLocations = '{}', propertySourceProperties = '{org.springframework.boot.test.context.SpringBootTestContextBootstrapper=true}', contextCustomizers = set[[ImportsContextCustomizer@7f0a133d key = [org.springframework.boot.autoconfigure.cache.CacheAutoConfiguration, org.springframework.boot.autoconfigure.data.jpa.JpaRepositoriesAutoConfiguration, org.springframework.boot.autoconfigure.flyway.FlywayAutoConfiguration, org.springframework.boot.autoconfigure.jdbc.DataSourceAutoConfiguration, org.springframework.boot.autoconfigure.jdbc.DataSourceTransactionManagerAutoConfiguration, org.springframework.boot.autoconfigure.jdbc.JdbcTemplateAutoConfiguration, org.springframework.boot.autoconfigure.liquibase.LiquibaseAutoConfiguration, org.springframework.boot.autoconfigure.orm.jpa.HibernateJpaAutoConfiguration, org.springframework.boot.autoconfigure.transaction.TransactionAutoConfiguration, org.springframework.boot.test.autoconfigure.jdbc.TestDatabaseAutoConfiguration, org.springframework.boot.test.autoconfigure.orm.jpa.TestEntityManagerAutoConfiguration]], org.springframework.boot.test.context.filter.ExcludeFilterContextCustomizer@2b22a1cc, org.springframework.boot.test.json.DuplicateJsonObjectContextCustomizerFactory$DuplicateJsonObjectContextCustomizer@60859f5a, org.springframework.boot.test.mock.mockito.MockitoContextCustomizer@0, org.springframework.boot.test.autoconfigure.OverrideAutoConfigurationContextCustomizerFactory$DisableAutoConfigurationContextCustomizer@13741d5a, org.springframework.boot.test.autoconfigure.filter.TypeExcludeFiltersContextCustomizer@351584c0, org.springframework.boot.test.autoconfigure.properties.PropertyMappingContextCustomizer@1471d110, org.springframework.boot.test.autoconfigure.web.servlet.WebDriverContextCustomizerFactory$Customizer@b16e202], contextLoader = 'org.springframework.boot.test.context.SpringBootContextLoader', parent = [null]], attributes = map[[empty]]].
]]></system-out>
  </testcase>
  <testcase name="to_check_if_customer_exists_by_customer_phonenumber_is_not_linked" classname="com.telecom.RepositoryIntegrationTest" time="0.166">
    <error message="could not execute statement; SQL [n/a]; constraint [&quot;PRIMARY KEY ON PUBLIC.CUSTOMER(CUSTOMERID)&quot;; SQL statement:&#10;insert into customer (lastname, addressid, customersince, dateofbirth, firstname, gender, customerid) values (?, ?, ?, ?, ?, ?, ?) [23505-196]]; nested exception is org.hibernate.exception.ConstraintViolationException: could not execute statement" type="org.springframework.dao.DataIntegrityViolationException">org.springframework.dao.DataIntegrityViolationException: 
could not execute statement; SQL [n/a]; constraint ["PRIMARY KEY ON PUBLIC.CUSTOMER(CUSTOMERID)"; SQL statement:
insert into customer (lastname, addressid, customersince, dateofbirth, firstname, gender, customerid) values (?, ?, ?, ?, ?, ?, ?) [23505-196]]; nested exception is org.hibernate.exception.ConstraintViolationException: could not execute statement
	at com.telecom.RepositoryIntegrationTest.to_check_if_customer_exists_by_customer_phonenumber_is_not_linked(RepositoryIntegrationTest.java:128)
Caused by: org.hibernate.exception.ConstraintViolationException: could not execute statement
	at com.telecom.RepositoryIntegrationTest.to_check_if_customer_exists_by_customer_phonenumber_is_not_linked(RepositoryIntegrationTest.java:128)
Caused by: org.h2.jdbc.JdbcSQLException: 
Unique index or primary key violation: "PRIMARY KEY ON PUBLIC.CUSTOMER(CUSTOMERID)"; SQL statement:
insert into customer (lastname, addressid, customersince, dateofbirth, firstname, gender, customerid) values (?, ?, ?, ?, ?, ?, ?) [23505-196]
	at com.telecom.RepositoryIntegrationTest.to_check_if_customer_exists_by_customer_phonenumber_is_not_linked(RepositoryIntegrationTest.java:128)
</error>
    <system-out><![CDATA[&amp#27;[30m2019-04-02 17:54:05,749&amp#27;[0;39m &amp#27;[34mINFO &amp#27;[0;39m [&amp#27;[34mmain&amp#27;[0;39m] &amp#27;[33morg.springframework.test.context.transaction.TransactionContext&amp#27;[0;39m: Began transaction (1) for test context [DefaultTestContext@9df564f testClass = RepositoryIntegrationTest, testInstance = com.telecom.RepositoryIntegrationTest@630b5933, testMethod = to_check_if_customer_exists_by_customer_phonenumber_is_not_linked@RepositoryIntegrationTest, testException = [null], mergedContextConfiguration = [MergedContextConfiguration@1a21f43f testClass = RepositoryIntegrationTest, locations = '{}', classes = '{class com.telecom.TelecomApplication}', contextInitializerClasses = '[]', activeProfiles = '{}', propertySourceLocations = '{}', propertySourceProperties = '{org.springframework.boot.test.context.SpringBootTestContextBootstrapper=true}', contextCustomizers = set[[ImportsContextCustomizer@7f0a133d key = [org.springframework.boot.autoconfigure.cache.CacheAutoConfiguration, org.springframework.boot.autoconfigure.data.jpa.JpaRepositoriesAutoConfiguration, org.springframework.boot.autoconfigure.flyway.FlywayAutoConfiguration, org.springframework.boot.autoconfigure.jdbc.DataSourceAutoConfiguration, org.springframework.boot.autoconfigure.jdbc.DataSourceTransactionManagerAutoConfiguration, org.springframework.boot.autoconfigure.jdbc.JdbcTemplateAutoConfiguration, org.springframework.boot.autoconfigure.liquibase.LiquibaseAutoConfiguration, org.springframework.boot.autoconfigure.orm.jpa.HibernateJpaAutoConfiguration, org.springframework.boot.autoconfigure.transaction.TransactionAutoConfiguration, org.springframework.boot.test.autoconfigure.jdbc.TestDatabaseAutoConfiguration, org.springframework.boot.test.autoconfigure.orm.jpa.TestEntityManagerAutoConfiguration]], org.springframework.boot.test.context.filter.ExcludeFilterContextCustomizer@2b22a1cc, org.springframework.boot.test.json.DuplicateJsonObjectContextCustomizerFactory$DuplicateJsonObjectContextCustomizer@60859f5a, org.springframework.boot.test.mock.mockito.MockitoContextCustomizer@0, org.springframework.boot.test.autoconfigure.OverrideAutoConfigurationContextCustomizerFactory$DisableAutoConfigurationContextCustomizer@13741d5a, org.springframework.boot.test.autoconfigure.filter.TypeExcludeFiltersContextCustomizer@351584c0, org.springframework.boot.test.autoconfigure.properties.PropertyMappingContextCustomizer@1471d110, org.springframework.boot.test.autoconfigure.web.servlet.WebDriverContextCustomizerFactory$Customizer@b16e202], contextLoader = 'org.springframework.boot.test.context.SpringBootContextLoader', parent = [null]], attributes = map[[empty]]]; transaction manager [org.springframework.orm.jpa.JpaTransactionManager@54392ee5]; rollback [true]
Hibernate: insert into customer (lastname, addressid, customersince, dateofbirth, firstname, gender, customerid) values (?, ?, ?, ?, ?, ?, ?)
&amp#27;[30m2019-04-02 17:54:05,758&amp#27;[0;39m &amp#27;[31mWARN &amp#27;[0;39m [&amp#27;[34mmain&amp#27;[0;39m] &amp#27;[33morg.hibernate.engine.jdbc.spi.SqlExceptionHelper&amp#27;[0;39m: SQL Error: 23505, SQLState: 23505
&amp#27;[30m2019-04-02 17:54:05,759&amp#27;[0;39m &amp#27;[1;31mERROR&amp#27;[0;39m [&amp#27;[34mmain&amp#27;[0;39m] &amp#27;[33morg.hibernate.engine.jdbc.spi.SqlExceptionHelper&amp#27;[0;39m: Unique index or primary key violation: "PRIMARY KEY ON PUBLIC.CUSTOMER(CUSTOMERID)"; SQL statement:
insert into customer (lastname, addressid, customersince, dateofbirth, firstname, gender, customerid) values (?, ?, ?, ?, ?, ?, ?) [23505-196]
&amp#27;[30m2019-04-02 17:54:05,760&amp#27;[0;39m &amp#27;[34mINFO &amp#27;[0;39m [&amp#27;[34mmain&amp#27;[0;39m] &amp#27;[33morg.hibernate.engine.jdbc.batch.internal.AbstractBatchImpl&amp#27;[0;39m: HHH000010: On release of batch it still contained JDBC statements
&amp#27;[30m2019-04-02 17:54:05,764&amp#27;[0;39m &amp#27;[34mINFO &amp#27;[0;39m [&amp#27;[34mmain&amp#27;[0;39m] &amp#27;[33morg.springframework.test.context.transaction.TransactionContext&amp#27;[0;39m: Rolled back transaction for test context [DefaultTestContext@9df564f testClass = RepositoryIntegrationTest, testInstance = com.telecom.RepositoryIntegrationTest@630b5933, testMethod = to_check_if_customer_exists_by_customer_phonenumber_is_not_linked@RepositoryIntegrationTest, testException = org.springframework.dao.DataIntegrityViolationException: could not execute statement; SQL [n/a]; constraint ["PRIMARY KEY ON PUBLIC.CUSTOMER(CUSTOMERID)"; SQL statement:
insert into customer (lastname, addressid, customersince, dateofbirth, firstname, gender, customerid) values (?, ?, ?, ?, ?, ?, ?) [23505-196]]; nested exception is org.hibernate.exception.ConstraintViolationException: could not execute statement, mergedContextConfiguration = [MergedContextConfiguration@1a21f43f testClass = RepositoryIntegrationTest, locations = '{}', classes = '{class com.telecom.TelecomApplication}', contextInitializerClasses = '[]', activeProfiles = '{}', propertySourceLocations = '{}', propertySourceProperties = '{org.springframework.boot.test.context.SpringBootTestContextBootstrapper=true}', contextCustomizers = set[[ImportsContextCustomizer@7f0a133d key = [org.springframework.boot.autoconfigure.cache.CacheAutoConfiguration, org.springframework.boot.autoconfigure.data.jpa.JpaRepositoriesAutoConfiguration, org.springframework.boot.autoconfigure.flyway.FlywayAutoConfiguration, org.springframework.boot.autoconfigure.jdbc.DataSourceAutoConfiguration, org.springframework.boot.autoconfigure.jdbc.DataSourceTransactionManagerAutoConfiguration, org.springframework.boot.autoconfigure.jdbc.JdbcTemplateAutoConfiguration, org.springframework.boot.autoconfigure.liquibase.LiquibaseAutoConfiguration, org.springframework.boot.autoconfigure.orm.jpa.HibernateJpaAutoConfiguration, org.springframework.boot.autoconfigure.transaction.TransactionAutoConfiguration, org.springframework.boot.test.autoconfigure.jdbc.TestDatabaseAutoConfiguration, org.springframework.boot.test.autoconfigure.orm.jpa.TestEntityManagerAutoConfiguration]], org.springframework.boot.test.context.filter.ExcludeFilterContextCustomizer@2b22a1cc, org.springframework.boot.test.json.DuplicateJsonObjectContextCustomizerFactory$DuplicateJsonObjectContextCustomizer@60859f5a, org.springframework.boot.test.mock.mockito.MockitoContextCustomizer@0, org.springframework.boot.test.autoconfigure.OverrideAutoConfigurationContextCustomizerFactory$DisableAutoConfigurationContextCustomizer@13741d5a, org.springframework.boot.test.autoconfigure.filter.TypeExcludeFiltersContextCustomizer@351584c0, org.springframework.boot.test.autoconfigure.properties.PropertyMappingContextCustomizer@1471d110, org.springframework.boot.test.autoconfigure.web.servlet.WebDriverContextCustomizerFactory$Customizer@b16e202], contextLoader = 'org.springframework.boot.test.context.SpringBootContextLoader', parent = [null]], attributes = map[[empty]]].
]]></system-out>
  </testcase>
</testsuite>